0 verbose cli D:\Program Files\nodejs\node.exe C:\Users\CarlosS\AppData\Roaming\npm\node_modules\npm\bin\npm-cli.js
1 info using npm@8.14.0
2 info using node@v14.17.0
3 timing npm:load:whichnode Completed in 1ms
4 timing config:load:defaults Completed in 2ms
5 timing config:load:file:C:\Users\CarlosS\AppData\Roaming\npm\node_modules\npm\npmrc Completed in 13ms
6 timing config:load:builtin Completed in 13ms
7 timing config:load:cli Completed in 4ms
8 timing config:load:env Completed in 1ms
9 timing config:load:file:C:\Users\CarlosS\Desktop\AtividadeTeste\Ailton-labenu-system4\.npmrc Completed in 1ms
10 timing config:load:project Completed in 3ms
11 timing config:load:file:C:\Users\CarlosS\.npmrc Completed in 1ms
12 timing config:load:user Completed in 1ms
13 timing config:load:file:C:\Users\CarlosS\AppData\Roaming\npm\etc\npmrc Completed in 1ms
14 timing config:load:global Completed in 1ms
15 timing config:load:validate Completed in 0ms
16 timing config:load:credentials Completed in 1ms
17 timing config:load:setEnvs Completed in 2ms
18 timing config:load Completed in 28ms
19 timing npm:load:configload Completed in 29ms
20 timing npm:load:mkdirpcache Completed in 1ms
21 timing npm:load:mkdirplogs Completed in 1ms
22 verbose title npm i @types/express @types/cors
23 verbose argv "i" "@types/express" "@types/cors" "--save-dev"
24 timing npm:load:setTitle Completed in 2ms
25 timing config:load:flatten Completed in 4ms
26 timing npm:load:display Completed in 7ms
27 verbose logfile logs-max:10 dir:C:\Users\CarlosS\Desktop\AtividadeTeste\Ailton-labenu-system4\tmpnodejsnpm-cache\_logs
28 verbose logfile C:\Users\CarlosS\Desktop\AtividadeTeste\Ailton-labenu-system4\tmpnodejsnpm-cache\_logs\2022-09-08T16_10_43_710Z-debug-0.log
29 timing npm:load:logFile Completed in 8ms
30 timing npm:load:timers Completed in 1ms
31 timing npm:load:configScope Completed in 0ms
32 timing npm:load Completed in 50ms
33 timing arborist:ctor Completed in 2ms
34 silly logfile done cleaning log files
35 timing idealTree:init Completed in 209ms
36 timing idealTree:userRequests Completed in 3ms
37 silly idealTree buildDeps
38 silly fetch manifest @types/express@*
39 timing arborist:ctor Completed in 1ms
40 http fetch GET 200 https://registry.npmjs.org/@types%2fexpress 271ms (cache miss)
41 silly fetch manifest @types/cors@*
42 http fetch GET 200 https://registry.npmjs.org/@types%2fcors 209ms (cache miss)
43 silly placeDep ROOT @types/cors@2.8.12 OK for: ailton-labenu-system4@1.0.0 want: *
44 silly placeDep ROOT @types/express@4.17.13 OK for: ailton-labenu-system4@1.0.0 want: *
45 silly fetch manifest @types/body-parser@*
46 silly fetch manifest @types/express-serve-static-core@^4.17.18
47 silly fetch manifest @types/qs@*
48 silly fetch manifest @types/serve-static@*
49 http fetch GET 200 https://registry.npmjs.org/@types%2fbody-parser 103ms (cache miss)
50 http fetch GET 200 https://registry.npmjs.org/@types%2fserve-static 144ms (cache miss)
51 http fetch GET 200 https://registry.npmjs.org/@types%2fqs 145ms (cache miss)
52 http fetch GET 200 https://registry.npmjs.org/@types%2fexpress-serve-static-core 166ms (cache miss)
53 timing idealTree:#root Completed in 670ms
54 timing idealTree:node_modules/@types/cors Completed in 0ms
55 silly placeDep ROOT @types/body-parser@1.19.2 OK for: @types/express@4.17.13 want: *
56 silly placeDep ROOT @types/express-serve-static-core@4.17.30 OK for: @types/express@4.17.13 want: ^4.17.18
57 silly placeDep ROOT @types/qs@6.9.7 OK for: @types/express@4.17.13 want: *
58 silly placeDep ROOT @types/serve-static@1.15.0 OK for: @types/express@4.17.13 want: *
59 silly fetch manifest @types/connect@*
60 silly fetch manifest @types/range-parser@*
61 silly fetch manifest @types/mime@*
62 http fetch GET 200 https://registry.npmjs.org/@types%2frange-parser 83ms (cache miss)
63 http fetch GET 200 https://registry.npmjs.org/@types%2fconnect 91ms (cache miss)
64 http fetch GET 200 https://registry.npmjs.org/@types%2fmime 97ms (cache miss)
65 timing idealTree:node_modules/@types/express Completed in 111ms
66 silly placeDep ROOT @types/connect@3.4.35 OK for: @types/body-parser@1.19.2 want: *
67 timing idealTree:node_modules/@types/body-parser Completed in 2ms
68 timing idealTree:node_modules/@types/connect Completed in 0ms
69 silly placeDep ROOT @types/range-parser@1.2.4 OK for: @types/express-serve-static-core@4.17.30 want: *
70 timing idealTree:node_modules/@types/express-serve-static-core Completed in 3ms
71 timing idealTree:node_modules/@types/qs Completed in 0ms
72 timing idealTree:node_modules/@types/range-parser Completed in 0ms
73 silly placeDep ROOT @types/mime@3.0.1 OK for: @types/serve-static@1.15.0 want: *
74 timing idealTree:node_modules/@types/serve-static Completed in 2ms
75 timing idealTree:node_modules/@types/mime Completed in 0ms
76 timing idealTree:buildDeps Completed in 790ms
77 timing idealTree:fixDepFlags Completed in 2ms
78 timing idealTree Completed in 1016ms
79 timing reify:loadTrees Completed in 1017ms
80 timing reify:diffTrees Completed in 12ms
81 silly reify moves {}
82 timing reify:retireShallow Completed in 2ms
83 timing reify:createSparse Completed in 14ms
84 timing reify:loadBundles Completed in 0ms
85 silly audit bulk request {
85 silly audit   '@cspotcode/source-map-support': [ '0.8.1' ],
85 silly audit   '@jridgewell/resolve-uri': [ '3.1.0' ],
85 silly audit   '@jridgewell/sourcemap-codec': [ '1.4.14' ],
85 silly audit   '@jridgewell/trace-mapping': [ '0.3.9' ],
85 silly audit   '@tsconfig/node10': [ '1.0.9' ],
85 silly audit   '@tsconfig/node12': [ '1.0.11' ],
85 silly audit   '@tsconfig/node14': [ '1.0.3' ],
85 silly audit   '@tsconfig/node16': [ '1.0.3' ],
85 silly audit   '@types/node': [ '18.7.16' ],
85 silly audit   '@types/strip-bom': [ '3.0.0' ],
85 silly audit   '@types/strip-json-comments': [ '0.0.30' ],
85 silly audit   accepts: [ '1.3.8' ],
85 silly audit   acorn: [ '8.8.0' ],
85 silly audit   'acorn-walk': [ '8.2.0' ],
85 silly audit   anymatch: [ '3.1.2' ],
85 silly audit   arg: [ '4.1.3' ],
85 silly audit   'array-flatten': [ '1.1.1' ],
85 silly audit   'balanced-match': [ '1.0.2' ],
85 silly audit   'binary-extensions': [ '2.2.0' ],
85 silly audit   'body-parser': [ '1.20.0' ],
85 silly audit   'brace-expansion': [ '1.1.11' ],
85 silly audit   braces: [ '3.0.2' ],
85 silly audit   'buffer-from': [ '1.1.2' ],
85 silly audit   bytes: [ '3.1.2' ],
85 silly audit   'call-bind': [ '1.0.2' ],
85 silly audit   chokidar: [ '3.5.3' ],
85 silly audit   'concat-map': [ '0.0.1' ],
85 silly audit   'content-disposition': [ '0.5.4' ],
85 silly audit   'content-type': [ '1.0.4' ],
85 silly audit   cookie: [ '0.5.0' ],
85 silly audit   'cookie-signature': [ '1.0.6' ],
85 silly audit   cors: [ '2.8.5' ],
85 silly audit   'create-require': [ '1.1.1' ],
85 silly audit   debug: [ '2.6.9' ],
85 silly audit   depd: [ '2.0.0' ],
85 silly audit   destroy: [ '1.2.0' ],
85 silly audit   diff: [ '4.0.2' ],
85 silly audit   'dynamic-dedupe': [ '0.3.0' ],
85 silly audit   'ee-first': [ '1.1.1' ],
85 silly audit   encodeurl: [ '1.0.2' ],
85 silly audit   'escape-html': [ '1.0.3' ],
85 silly audit   etag: [ '1.8.1' ],
85 silly audit   express: [ '4.18.1' ],
85 silly audit   'fill-range': [ '7.0.1' ],
85 silly audit   finalhandler: [ '1.2.0' ],
85 silly audit   forwarded: [ '0.2.0' ],
85 silly audit   fresh: [ '0.5.2' ],
85 silly audit   'fs.realpath': [ '1.0.0' ],
85 silly audit   fsevents: [ '2.3.2' ],
85 silly audit   'function-bind': [ '1.1.1' ],
85 silly audit   'get-intrinsic': [ '1.1.2' ],
85 silly audit   glob: [ '7.2.3' ],
85 silly audit   'glob-parent': [ '5.1.2' ],
85 silly audit   has: [ '1.0.3' ],
85 silly audit   'has-symbols': [ '1.0.3' ],
85 silly audit   'http-errors': [ '2.0.0' ],
85 silly audit   'iconv-lite': [ '0.4.24' ],
85 silly audit   inflight: [ '1.0.6' ],
85 silly audit   inherits: [ '2.0.4' ],
85 silly audit   'ipaddr.js': [ '1.9.1' ],
85 silly audit   'is-binary-path': [ '2.1.0' ],
85 silly audit   'is-core-module': [ '2.10.0' ],
85 silly audit   'is-extglob': [ '2.1.1' ],
85 silly audit   'is-glob': [ '4.0.3' ],
85 silly audit   'is-number': [ '7.0.0' ],
85 silly audit   'make-error': [ '1.3.6' ],
85 silly audit   'media-typer': [ '0.3.0' ],
85 silly audit   'merge-descriptors': [ '1.0.1' ],
85 silly audit   methods: [ '1.1.2' ],
85 silly audit   mime: [ '1.6.0' ],
85 silly audit   'mime-db': [ '1.52.0' ],
85 silly audit   'mime-types': [ '2.1.35' ],
85 silly audit   minimatch: [ '3.1.2' ],
85 silly audit   minimist: [ '1.2.6' ],
85 silly audit   mkdirp: [ '1.0.4' ],
85 silly audit   ms: [ '2.0.0', '2.1.3' ],
85 silly audit   negotiator: [ '0.6.3' ],
85 silly audit   'normalize-path': [ '3.0.0' ],
85 silly audit   'object-assign': [ '4.1.1' ],
85 silly audit   'object-inspect': [ '1.12.2' ],
85 silly audit   'on-finished': [ '2.4.1' ],
85 silly audit   once: [ '1.4.0' ],
85 silly audit   parseurl: [ '1.3.3' ],
85 silly audit   'path-is-absolute': [ '1.0.1' ],
85 silly audit   'path-parse': [ '1.0.7' ],
85 silly audit   'path-to-regexp': [ '0.1.7' ],
85 silly audit   picomatch: [ '2.3.1' ],
85 silly audit   'proxy-addr': [ '2.0.7' ],
85 silly audit   qs: [ '6.10.3' ],
85 silly audit   'range-parser': [ '1.2.1' ],
85 silly audit   'raw-body': [ '2.5.1' ],
85 silly audit   readdirp: [ '3.6.0' ],
85 silly audit   resolve: [ '1.22.1' ],
85 silly audit   rimraf: [ '2.7.1' ],
85 silly audit   'safe-buffer': [ '5.2.1' ],
85 silly audit   'safer-buffer': [ '2.1.2' ],
85 silly audit   send: [ '0.18.0' ],
85 silly audit   'serve-static': [ '1.15.0' ],
85 silly audit   setprototypeof: [ '1.2.0' ],
85 silly audit   'side-channel': [ '1.0.4' ],
85 silly audit   'source-map': [ '0.6.1' ],
85 silly audit   'source-map-support': [ '0.5.21' ],
85 silly audit   statuses: [ '2.0.1' ],
85 silly audit   'strip-bom': [ '3.0.0' ],
85 silly audit   'strip-json-comments': [ '2.0.1' ],
85 silly audit   'supports-preserve-symlinks-flag': [ '1.0.0' ],
85 silly audit   'to-regex-range': [ '5.0.1' ],
85 silly audit   toidentifier: [ '1.0.1' ],
85 silly audit   'tree-kill': [ '1.2.2' ],
85 silly audit   'ts-node': [ '10.9.1' ],
85 silly audit   'ts-node-dev': [ '2.0.0' ],
85 silly audit   tsconfig: [ '7.0.0' ],
85 silly audit   'type-is': [ '1.6.18' ],
85 silly audit   typescript: [ '4.8.2' ],
85 silly audit   unpipe: [ '1.0.0' ],
85 silly audit   'utils-merge': [ '1.0.1' ],
85 silly audit   'v8-compile-cache-lib': [ '3.0.1' ],
85 silly audit   vary: [ '1.1.2' ],
85 silly audit   wrappy: [ '1.0.2' ],
85 silly audit   xtend: [ '4.0.2' ],
85 silly audit   yn: [ '3.1.1' ],
85 silly audit   '@types/cors': [ '2.8.12' ],
85 silly audit   '@types/express': [ '4.17.13' ],
85 silly audit   '@types/body-parser': [ '1.19.2' ],
85 silly audit   '@types/express-serve-static-core': [ '4.17.30' ],
85 silly audit   '@types/qs': [ '6.9.7' ],
85 silly audit   '@types/serve-static': [ '1.15.0' ],
85 silly audit   '@types/connect': [ '3.4.35' ],
85 silly audit   '@types/range-parser': [ '1.2.4' ],
85 silly audit   '@types/mime': [ '3.0.1' ]
85 silly audit }
86 verbose reify failed optional dependency C:\Users\CarlosS\Desktop\AtividadeTeste\Ailton-labenu-system4\node_modules\fsevents
87 silly reify mark deleted [
87 silly reify   'C:\\Users\\CarlosS\\Desktop\\AtividadeTeste\\Ailton-labenu-system4\\node_modules\\fsevents'
87 silly reify ]
88 timing reifyNode:node_modules/fsevents Completed in 9ms
89 silly tarball no local data for @types/mime@https://registry.npmjs.org/@types/mime/-/mime-3.0.1.tgz. Extracting by manifest.
90 silly tarball no local data for @types/range-parser@https://registry.npmjs.org/@types/range-parser/-/range-parser-1.2.4.tgz. Extracting by manifest.
91 silly tarball no local data for @types/connect@https://registry.npmjs.org/@types/connect/-/connect-3.4.35.tgz. Extracting by manifest.
92 silly tarball no local data for @types/serve-static@https://registry.npmjs.org/@types/serve-static/-/serve-static-1.15.0.tgz. Extracting by manifest.
93 silly tarball no local data for @types/qs@https://registry.npmjs.org/@types/qs/-/qs-6.9.7.tgz. Extracting by manifest.
94 silly tarball no local data for @types/express-serve-static-core@https://registry.npmjs.org/@types/express-serve-static-core/-/express-serve-static-core-4.17.30.tgz. Extracting by manifest.
95 silly tarball no local data for @types/body-parser@https://registry.npmjs.org/@types/body-parser/-/body-parser-1.19.2.tgz. Extracting by manifest.
96 silly tarball no local data for @types/express@https://registry.npmjs.org/@types/express/-/express-4.17.13.tgz. Extracting by manifest.
97 silly tarball no local data for @types/cors@https://registry.npmjs.org/@types/cors/-/cors-2.8.12.tgz. Extracting by manifest.
98 http fetch GET 200 https://registry.npmjs.org/@types/mime/-/mime-3.0.1.tgz 115ms (cache miss)
99 timing reifyNode:node_modules/@types/mime Completed in 140ms
100 http fetch GET 200 https://registry.npmjs.org/@types/range-parser/-/range-parser-1.2.4.tgz 123ms (cache miss)
101 timing reifyNode:node_modules/@types/range-parser Completed in 146ms
102 http fetch GET 200 https://registry.npmjs.org/@types/express-serve-static-core/-/express-serve-static-core-4.17.30.tgz 172ms (cache miss)
103 timing reifyNode:node_modules/@types/express-serve-static-core Completed in 203ms
104 http fetch POST 200 https://registry.npmjs.org/-/npm/v1/security/advisories/bulk 242ms
105 timing auditReport:getReport Completed in 250ms
106 silly audit report {}
107 timing auditReport:init Completed in 0ms
108 timing reify:audit Completed in 251ms
109 http fetch GET 200 https://registry.npmjs.org/@types/cors/-/cors-2.8.12.tgz 238ms (cache miss)
110 timing reifyNode:node_modules/@types/cors Completed in 273ms
111 http fetch GET 200 https://registry.npmjs.org/@types/express/-/express-4.17.13.tgz 418ms (cache miss)
112 timing reifyNode:node_modules/@types/express Completed in 454ms
113 http fetch GET 200 https://registry.npmjs.org/@types/serve-static/-/serve-static-1.15.0.tgz 435ms (cache miss)
114 timing reifyNode:node_modules/@types/serve-static Completed in 464ms
115 http fetch GET 200 https://registry.npmjs.org/@types/connect/-/connect-3.4.35.tgz 935ms (cache miss)
116 timing reifyNode:node_modules/@types/connect Completed in 963ms
117 http fetch GET 200 https://registry.npmjs.org/@types/qs/-/qs-6.9.7.tgz 983ms (cache miss)
118 timing reifyNode:node_modules/@types/qs Completed in 1011ms
119 http fetch GET 200 https://registry.npmjs.org/@types/body-parser/-/body-parser-1.19.2.tgz 1064ms (cache miss)
120 timing reifyNode:node_modules/@types/body-parser Completed in 1097ms
121 timing reify:unpack Completed in 1100ms
122 timing reify:unretire Completed in 0ms
123 timing build:queue Completed in 2ms
124 timing build:deps Completed in 2ms
125 timing build Completed in 4ms
126 timing reify:build Completed in 5ms
127 timing reify:trash Completed in 2ms
128 timing reify:save Completed in 102ms
129 timing reify Completed in 2319ms
130 silly ADD node_modules/@types/mime
131 silly ADD node_modules/@types/range-parser
132 silly ADD node_modules/@types/connect
133 silly ADD node_modules/@types/serve-static
134 silly ADD node_modules/@types/qs
135 silly ADD node_modules/@types/express-serve-static-core
136 silly ADD node_modules/@types/body-parser
137 silly ADD node_modules/@types/express
138 silly ADD node_modules/@types/cors
139 silly ADD
140 timing command:i Completed in 2330ms
141 verbose exit 0
142 timing npm Completed in 2565ms
143 info ok
