0 verbose cli D:\Program Files\nodejs\node.exe C:\Users\CarlosS\AppData\Roaming\npm\node_modules\npm\bin\npm-cli.js
1 info using npm@8.14.0
2 info using node@v14.17.0
3 timing npm:load:whichnode Completed in 4ms
4 timing config:load:defaults Completed in 2ms
5 timing config:load:file:C:\Users\CarlosS\AppData\Roaming\npm\node_modules\npm\npmrc Completed in 12ms
6 timing config:load:builtin Completed in 12ms
7 timing config:load:cli Completed in 3ms
8 timing config:load:env Completed in 2ms
9 timing config:load:file:C:\Users\CarlosS\Desktop\AtividadeTeste\Ailton-labenu-system4\.npmrc Completed in 1ms
10 timing config:load:project Completed in 4ms
11 timing config:load:file:C:\Users\CarlosS\.npmrc Completed in 1ms
12 timing config:load:user Completed in 1ms
13 timing config:load:file:C:\Users\CarlosS\AppData\Roaming\npm\etc\npmrc Completed in 1ms
14 timing config:load:global Completed in 1ms
15 timing config:load:validate Completed in 2ms
16 timing config:load:credentials Completed in 2ms
17 timing config:load:setEnvs Completed in 3ms
18 timing config:load Completed in 34ms
19 timing npm:load:configload Completed in 34ms
20 timing npm:load:mkdirpcache Completed in 3ms
21 timing npm:load:mkdirplogs Completed in 1ms
22 verbose title npm i knex mysql @types/knex
23 verbose argv "i" "knex" "mysql" "@types/knex"
24 timing npm:load:setTitle Completed in 6ms
25 timing config:load:flatten Completed in 9ms
26 timing npm:load:display Completed in 13ms
27 verbose logfile logs-max:10 dir:C:\Users\CarlosS\Desktop\AtividadeTeste\Ailton-labenu-system4\tmpnodejsnpm-cache\_logs
28 verbose logfile C:\Users\CarlosS\Desktop\AtividadeTeste\Ailton-labenu-system4\tmpnodejsnpm-cache\_logs\2022-09-08T16_11_09_047Z-debug-0.log
29 timing npm:load:logFile Completed in 15ms
30 timing npm:load:timers Completed in 0ms
31 timing npm:load:configScope Completed in 1ms
32 timing npm:load Completed in 79ms
33 timing arborist:ctor Completed in 1ms
34 silly logfile done cleaning log files
35 timing idealTree:init Completed in 182ms
36 timing idealTree:userRequests Completed in 4ms
37 silly idealTree buildDeps
38 silly fetch manifest knex@*
39 timing arborist:ctor Completed in 0ms
40 http fetch GET 200 https://registry.npmjs.org/knex 364ms (cache miss)
41 silly fetch manifest mysql@*
42 http fetch GET 200 https://registry.npmjs.org/mysql 960ms (cache miss)
43 silly fetch manifest @types/knex@*
44 http fetch GET 200 https://registry.npmjs.org/@types%2fknex 84ms (cache miss)
45 silly placeDep ROOT @types/knex@0.16.1 OK for: ailton-labenu-system4@1.0.0 want: *
46 silly placeDep ROOT knex@2.3.0 OK for: ailton-labenu-system4@1.0.0 want: *
47 silly placeDep ROOT mysql@2.18.1 OK for: ailton-labenu-system4@1.0.0 want: *
48 silly fetch manifest colorette@2.0.19
49 silly fetch manifest commander@^9.1.0
50 silly fetch manifest debug@4.3.4
51 silly fetch manifest escalade@^3.1.1
52 silly fetch manifest esm@^3.2.25
53 silly fetch manifest get-package-type@^0.1.0
54 silly fetch manifest getopts@2.3.0
55 silly fetch manifest interpret@^2.2.0
56 silly fetch manifest lodash@^4.17.21
57 silly fetch manifest pg-connection-string@2.5.0
58 silly fetch manifest rechoir@^0.8.0
59 silly fetch manifest resolve-from@^5.0.0
60 silly fetch manifest tarn@^3.0.2
61 silly fetch manifest tildify@2.0.0
62 silly fetch manifest bignumber.js@9.0.0
63 silly fetch manifest readable-stream@2.3.7
64 silly fetch manifest safe-buffer@5.1.2
65 silly fetch manifest sqlstring@2.3.1
66 http fetch GET 200 https://registry.npmjs.org/debug 231ms (cache hit)
67 http fetch GET 200 https://registry.npmjs.org/safe-buffer 204ms (cache hit)
68 http fetch GET 200 https://registry.npmjs.org/colorette 254ms (cache miss)
69 http fetch GET 200 https://registry.npmjs.org/rechoir 287ms (cache miss)
70 http fetch GET 200 https://registry.npmjs.org/interpret 325ms (cache miss)
71 http fetch GET 200 https://registry.npmjs.org/pg-connection-string 334ms (cache miss)
72 http fetch GET 200 https://registry.npmjs.org/tildify 344ms (cache miss)
73 http fetch GET 200 https://registry.npmjs.org/readable-stream 360ms (cache miss)
74 http fetch GET 200 https://registry.npmjs.org/tarn 369ms (cache miss)
75 http fetch GET 200 https://registry.npmjs.org/get-package-type 391ms (cache miss)
76 http fetch GET 200 https://registry.npmjs.org/commander 411ms (cache miss)
77 http fetch GET 200 https://registry.npmjs.org/getopts 413ms (cache miss)
78 http fetch GET 200 https://registry.npmjs.org/esm 494ms (cache miss)
79 http fetch GET 200 https://registry.npmjs.org/escalade 500ms (cache miss)
80 http fetch GET 200 https://registry.npmjs.org/lodash 524ms (cache miss)
81 http fetch GET 200 https://registry.npmjs.org/resolve-from 531ms (cache miss)
82 http fetch GET 200 https://registry.npmjs.org/bignumber.js 938ms (cache miss)
83 http fetch GET 200 https://registry.npmjs.org/sqlstring 1074ms (cache miss)
84 timing idealTree:#root Completed in 2556ms
85 timing idealTree:node_modules/@types/knex Completed in 0ms
86 silly placeDep ROOT colorette@2.0.19 OK for: knex@2.3.0 want: 2.0.19
87 silly placeDep ROOT commander@9.4.0 OK for: knex@2.3.0 want: ^9.1.0
88 silly placeDep node_modules/knex debug@4.3.4 OK for: knex@2.3.0 want: 4.3.4
89 silly placeDep ROOT escalade@3.1.1 OK for: knex@2.3.0 want: ^3.1.1
90 silly placeDep ROOT esm@3.2.25 OK for: knex@2.3.0 want: ^3.2.25
91 silly placeDep ROOT get-package-type@0.1.0 OK for: knex@2.3.0 want: ^0.1.0
92 silly placeDep ROOT getopts@2.3.0 OK for: knex@2.3.0 want: 2.3.0
93 silly placeDep ROOT interpret@2.2.0 OK for: knex@2.3.0 want: ^2.2.0
94 silly placeDep ROOT lodash@4.17.21 OK for: knex@2.3.0 want: ^4.17.21
95 silly placeDep ROOT pg-connection-string@2.5.0 OK for: knex@2.3.0 want: 2.5.0
96 silly placeDep ROOT rechoir@0.8.0 OK for: knex@2.3.0 want: ^0.8.0
97 silly placeDep ROOT resolve-from@5.0.0 OK for: knex@2.3.0 want: ^5.0.0
98 silly placeDep ROOT tarn@3.0.2 OK for: knex@2.3.0 want: ^3.0.2
99 silly placeDep ROOT tildify@2.0.0 OK for: knex@2.3.0 want: 2.0.0
100 silly fetch manifest ms@2.1.2
101 http fetch GET 200 https://registry.npmjs.org/ms 9ms (cache hit)
102 timing idealTree:node_modules/knex Completed in 46ms
103 timing idealTree:node_modules/colorette Completed in 0ms
104 timing idealTree:node_modules/commander Completed in 0ms
105 timing idealTree:node_modules/escalade Completed in 0ms
106 timing idealTree:node_modules/esm Completed in 0ms
107 timing idealTree:node_modules/get-package-type Completed in 0ms
108 timing idealTree:node_modules/getopts Completed in 0ms
109 timing idealTree:node_modules/interpret Completed in 1ms
110 timing idealTree:node_modules/lodash Completed in 0ms
111 silly placeDep ROOT bignumber.js@9.0.0 OK for: mysql@2.18.1 want: 9.0.0
112 silly placeDep ROOT readable-stream@2.3.7 OK for: mysql@2.18.1 want: 2.3.7
113 silly placeDep node_modules/mysql safe-buffer@5.1.2 OK for: mysql@2.18.1 want: 5.1.2
114 silly placeDep ROOT sqlstring@2.3.1 OK for: mysql@2.18.1 want: 2.3.1
115 silly fetch manifest core-util-is@~1.0.0
116 silly fetch manifest isarray@~1.0.0
117 silly fetch manifest process-nextick-args@~2.0.0
118 silly fetch manifest safe-buffer@~5.1.1
119 silly fetch manifest string_decoder@~1.1.1
120 silly fetch manifest util-deprecate@~1.0.1
121 http fetch GET 200 https://registry.npmjs.org/core-util-is 69ms (cache miss)
122 http fetch GET 200 https://registry.npmjs.org/util-deprecate 90ms (cache miss)
123 http fetch GET 200 https://registry.npmjs.org/string_decoder 150ms (cache miss)
124 http fetch GET 200 https://registry.npmjs.org/isarray 158ms (cache miss)
125 http fetch GET 200 https://registry.npmjs.org/process-nextick-args 166ms (cache miss)
126 timing idealTree:node_modules/mysql Completed in 183ms
127 timing idealTree:node_modules/bignumber.js Completed in 0ms
128 timing idealTree:node_modules/pg-connection-string Completed in 0ms
129 silly placeDep ROOT core-util-is@1.0.3 OK for: readable-stream@2.3.7 want: ~1.0.0
130 silly placeDep ROOT isarray@1.0.0 OK for: readable-stream@2.3.7 want: ~1.0.0
131 silly placeDep ROOT process-nextick-args@2.0.1 OK for: readable-stream@2.3.7 want: ~2.0.0
132 silly placeDep node_modules/readable-stream safe-buffer@5.1.2 OK for: readable-stream@2.3.7 want: ~5.1.1
133 silly placeDep ROOT string_decoder@1.1.1 OK for: readable-stream@2.3.7 want: ~1.1.1
134 silly placeDep ROOT util-deprecate@1.0.2 OK for: readable-stream@2.3.7 want: ~1.0.1
135 silly fetch manifest safe-buffer@~5.1.0
136 timing idealTree:node_modules/readable-stream Completed in 13ms
137 timing idealTree:node_modules/core-util-is Completed in 0ms
138 timing idealTree:node_modules/isarray Completed in 0ms
139 timing idealTree:node_modules/process-nextick-args Completed in 0ms
140 timing idealTree:node_modules/rechoir Completed in 0ms
141 timing idealTree:node_modules/resolve-from Completed in 0ms
142 timing idealTree:node_modules/sqlstring Completed in 0ms
143 silly placeDep node_modules/string_decoder safe-buffer@5.1.2 OK for: string_decoder@1.1.1 want: ~5.1.0
144 timing idealTree:node_modules/string_decoder Completed in 2ms
145 timing idealTree:node_modules/tarn Completed in 0ms
146 timing idealTree:node_modules/tildify Completed in 0ms
147 timing idealTree:node_modules/util-deprecate Completed in 0ms
148 silly placeDep node_modules/knex ms@2.1.2 OK for: debug@4.3.4 want: 2.1.2
149 timing idealTree:node_modules/knex/node_modules/debug Completed in 2ms
150 timing idealTree:node_modules/knex/node_modules/ms Completed in 0ms
151 timing idealTree:node_modules/mysql/node_modules/safe-buffer Completed in 0ms
152 timing idealTree:node_modules/readable-stream/node_modules/safe-buffer Completed in 0ms
153 timing idealTree:node_modules/string_decoder/node_modules/safe-buffer Completed in 1ms
154 timing idealTree:buildDeps Completed in 2808ms
155 timing idealTree:fixDepFlags Completed in 4ms
156 timing idealTree Completed in 3005ms
157 timing reify:loadTrees Completed in 3005ms
158 timing reify:diffTrees Completed in 12ms
159 silly reify moves {}
160 timing reify:retireShallow Completed in 2ms
161 timing reify:createSparse Completed in 17ms
162 timing reify:loadBundles Completed in 0ms
163 silly audit bulk request {
163 silly audit   '@cspotcode/source-map-support': [ '0.8.1' ],
163 silly audit   '@jridgewell/resolve-uri': [ '3.1.0' ],
163 silly audit   '@jridgewell/sourcemap-codec': [ '1.4.14' ],
163 silly audit   '@jridgewell/trace-mapping': [ '0.3.9' ],
163 silly audit   '@tsconfig/node10': [ '1.0.9' ],
163 silly audit   '@tsconfig/node12': [ '1.0.11' ],
163 silly audit   '@tsconfig/node14': [ '1.0.3' ],
163 silly audit   '@tsconfig/node16': [ '1.0.3' ],
163 silly audit   '@types/body-parser': [ '1.19.2' ],
163 silly audit   '@types/connect': [ '3.4.35' ],
163 silly audit   '@types/cors': [ '2.8.12' ],
163 silly audit   '@types/express': [ '4.17.13' ],
163 silly audit   '@types/express-serve-static-core': [ '4.17.30' ],
163 silly audit   '@types/mime': [ '3.0.1' ],
163 silly audit   '@types/node': [ '18.7.16' ],
163 silly audit   '@types/qs': [ '6.9.7' ],
163 silly audit   '@types/range-parser': [ '1.2.4' ],
163 silly audit   '@types/serve-static': [ '1.15.0' ],
163 silly audit   '@types/strip-bom': [ '3.0.0' ],
163 silly audit   '@types/strip-json-comments': [ '0.0.30' ],
163 silly audit   accepts: [ '1.3.8' ],
163 silly audit   acorn: [ '8.8.0' ],
163 silly audit   'acorn-walk': [ '8.2.0' ],
163 silly audit   anymatch: [ '3.1.2' ],
163 silly audit   arg: [ '4.1.3' ],
163 silly audit   'array-flatten': [ '1.1.1' ],
163 silly audit   'balanced-match': [ '1.0.2' ],
163 silly audit   'binary-extensions': [ '2.2.0' ],
163 silly audit   'body-parser': [ '1.20.0' ],
163 silly audit   'brace-expansion': [ '1.1.11' ],
163 silly audit   braces: [ '3.0.2' ],
163 silly audit   'buffer-from': [ '1.1.2' ],
163 silly audit   bytes: [ '3.1.2' ],
163 silly audit   'call-bind': [ '1.0.2' ],
163 silly audit   chokidar: [ '3.5.3' ],
163 silly audit   'concat-map': [ '0.0.1' ],
163 silly audit   'content-disposition': [ '0.5.4' ],
163 silly audit   'content-type': [ '1.0.4' ],
163 silly audit   cookie: [ '0.5.0' ],
163 silly audit   'cookie-signature': [ '1.0.6' ],
163 silly audit   cors: [ '2.8.5' ],
163 silly audit   'create-require': [ '1.1.1' ],
163 silly audit   debug: [ '2.6.9', '4.3.4' ],
163 silly audit   depd: [ '2.0.0' ],
163 silly audit   destroy: [ '1.2.0' ],
163 silly audit   diff: [ '4.0.2' ],
163 silly audit   'dynamic-dedupe': [ '0.3.0' ],
163 silly audit   'ee-first': [ '1.1.1' ],
163 silly audit   encodeurl: [ '1.0.2' ],
163 silly audit   'escape-html': [ '1.0.3' ],
163 silly audit   etag: [ '1.8.1' ],
163 silly audit   express: [ '4.18.1' ],
163 silly audit   'fill-range': [ '7.0.1' ],
163 silly audit   finalhandler: [ '1.2.0' ],
163 silly audit   forwarded: [ '0.2.0' ],
163 silly audit   fresh: [ '0.5.2' ],
163 silly audit   'fs.realpath': [ '1.0.0' ],
163 silly audit   fsevents: [ '2.3.2' ],
163 silly audit   'function-bind': [ '1.1.1' ],
163 silly audit   'get-intrinsic': [ '1.1.2' ],
163 silly audit   glob: [ '7.2.3' ],
163 silly audit   'glob-parent': [ '5.1.2' ],
163 silly audit   has: [ '1.0.3' ],
163 silly audit   'has-symbols': [ '1.0.3' ],
163 silly audit   'http-errors': [ '2.0.0' ],
163 silly audit   'iconv-lite': [ '0.4.24' ],
163 silly audit   inflight: [ '1.0.6' ],
163 silly audit   inherits: [ '2.0.4' ],
163 silly audit   'ipaddr.js': [ '1.9.1' ],
163 silly audit   'is-binary-path': [ '2.1.0' ],
163 silly audit   'is-core-module': [ '2.10.0' ],
163 silly audit   'is-extglob': [ '2.1.1' ],
163 silly audit   'is-glob': [ '4.0.3' ],
163 silly audit   'is-number': [ '7.0.0' ],
163 silly audit   'make-error': [ '1.3.6' ],
163 silly audit   'media-typer': [ '0.3.0' ],
163 silly audit   'merge-descriptors': [ '1.0.1' ],
163 silly audit   methods: [ '1.1.2' ],
163 silly audit   mime: [ '1.6.0' ],
163 silly audit   'mime-db': [ '1.52.0' ],
163 silly audit   'mime-types': [ '2.1.35' ],
163 silly audit   minimatch: [ '3.1.2' ],
163 silly audit   minimist: [ '1.2.6' ],
163 silly audit   mkdirp: [ '1.0.4' ],
163 silly audit   ms: [ '2.0.0', '2.1.3', '2.1.2' ],
163 silly audit   negotiator: [ '0.6.3' ],
163 silly audit   'normalize-path': [ '3.0.0' ],
163 silly audit   'object-assign': [ '4.1.1' ],
163 silly audit   'object-inspect': [ '1.12.2' ],
163 silly audit   'on-finished': [ '2.4.1' ],
163 silly audit   once: [ '1.4.0' ],
163 silly audit   parseurl: [ '1.3.3' ],
163 silly audit   'path-is-absolute': [ '1.0.1' ],
163 silly audit   'path-parse': [ '1.0.7' ],
163 silly audit   'path-to-regexp': [ '0.1.7' ],
163 silly audit   picomatch: [ '2.3.1' ],
163 silly audit   'proxy-addr': [ '2.0.7' ],
163 silly audit   qs: [ '6.10.3' ],
163 silly audit   'range-parser': [ '1.2.1' ],
163 silly audit   'raw-body': [ '2.5.1' ],
163 silly audit   readdirp: [ '3.6.0' ],
163 silly audit   resolve: [ '1.22.1' ],
163 silly audit   rimraf: [ '2.7.1' ],
163 silly audit   'safe-buffer': [ '5.2.1', '5.1.2' ],
163 silly audit   'safer-buffer': [ '2.1.2' ],
163 silly audit   send: [ '0.18.0' ],
163 silly audit   'serve-static': [ '1.15.0' ],
163 silly audit   setprototypeof: [ '1.2.0' ],
163 silly audit   'side-channel': [ '1.0.4' ],
163 silly audit   'source-map': [ '0.6.1' ],
163 silly audit   'source-map-support': [ '0.5.21' ],
163 silly audit   statuses: [ '2.0.1' ],
163 silly audit   'strip-bom': [ '3.0.0' ],
163 silly audit   'strip-json-comments': [ '2.0.1' ],
163 silly audit   'supports-preserve-symlinks-flag': [ '1.0.0' ],
163 silly audit   'to-regex-range': [ '5.0.1' ],
163 silly audit   toidentifier: [ '1.0.1' ],
163 silly audit   'tree-kill': [ '1.2.2' ],
163 silly audit   'ts-node': [ '10.9.1' ],
163 silly audit   'ts-node-dev': [ '2.0.0' ],
163 silly audit   tsconfig: [ '7.0.0' ],
163 silly audit   'type-is': [ '1.6.18' ],
163 silly audit   typescript: [ '4.8.2' ],
163 silly audit   unpipe: [ '1.0.0' ],
163 silly audit   'utils-merge': [ '1.0.1' ],
163 silly audit   'v8-compile-cache-lib': [ '3.0.1' ],
163 silly audit   vary: [ '1.1.2' ],
163 silly audit   wrappy: [ '1.0.2' ],
163 silly audit   xtend: [ '4.0.2' ],
163 silly audit   yn: [ '3.1.1' ],
163 silly audit   '@types/knex': [ '0.16.1' ],
163 silly audit   knex: [ '2.3.0' ],
163 silly audit   mysql: [ '2.18.1' ],
163 silly audit   colorette: [ '2.0.19' ],
163 silly audit   commander: [ '9.4.0' ],
163 silly audit   escalade: [ '3.1.1' ],
163 silly audit   esm: [ '3.2.25' ],
163 silly audit   'get-package-type': [ '0.1.0' ],
163 silly audit   getopts: [ '2.3.0' ],
163 silly audit   interpret: [ '2.2.0' ],
163 silly audit   lodash: [ '4.17.21' ],
163 silly audit   'pg-connection-string': [ '2.5.0' ],
163 silly audit   rechoir: [ '0.8.0' ],
163 silly audit   'resolve-from': [ '5.0.0' ],
163 silly audit   tarn: [ '3.0.2' ],
163 silly audit   tildify: [ '2.0.0' ],
163 silly audit   'bignumber.js': [ '9.0.0' ],
163 silly audit   'readable-stream': [ '2.3.7' ],
163 silly audit   sqlstring: [ '2.3.1' ],
163 silly audit   'core-util-is': [ '1.0.3' ],
163 silly audit   isarray: [ '1.0.0' ],
163 silly audit   'process-nextick-args': [ '2.0.1' ],
163 silly audit   string_decoder: [ '1.1.1' ],
163 silly audit   'util-deprecate': [ '1.0.2' ]
163 silly audit }
164 verbose reify failed optional dependency C:\Users\CarlosS\Desktop\AtividadeTeste\Ailton-labenu-system4\node_modules\fsevents
165 silly reify mark deleted [
165 silly reify   'C:\\Users\\CarlosS\\Desktop\\AtividadeTeste\\Ailton-labenu-system4\\node_modules\\fsevents'
165 silly reify ]
166 timing reifyNode:node_modules/fsevents Completed in 16ms
167 silly tarball no local data for util-deprecate@https://registry.npmjs.org/util-deprecate/-/util-deprecate-1.0.2.tgz. Extracting by manifest.
168 silly tarball no local data for isarray@https://registry.npmjs.org/isarray/-/isarray-1.0.0.tgz. Extracting by manifest.
169 silly tarball no local data for string_decoder@https://registry.npmjs.org/string_decoder/-/string_decoder-1.1.1.tgz. Extracting by manifest.
170 silly tarball no local data for process-nextick-args@https://registry.npmjs.org/process-nextick-args/-/process-nextick-args-2.0.1.tgz. Extracting by manifest.
171 silly tarball no local data for core-util-is@https://registry.npmjs.org/core-util-is/-/core-util-is-1.0.3.tgz. Extracting by manifest.
172 silly tarball no local data for sqlstring@https://registry.npmjs.org/sqlstring/-/sqlstring-2.3.1.tgz. Extracting by manifest.
173 silly tarball no local data for readable-stream@https://registry.npmjs.org/readable-stream/-/readable-stream-2.3.7.tgz. Extracting by manifest.
174 silly tarball no local data for bignumber.js@https://registry.npmjs.org/bignumber.js/-/bignumber.js-9.0.0.tgz. Extracting by manifest.
175 silly tarball no local data for tildify@https://registry.npmjs.org/tildify/-/tildify-2.0.0.tgz. Extracting by manifest.
176 silly tarball no local data for tarn@https://registry.npmjs.org/tarn/-/tarn-3.0.2.tgz. Extracting by manifest.
177 silly tarball no local data for resolve-from@https://registry.npmjs.org/resolve-from/-/resolve-from-5.0.0.tgz. Extracting by manifest.
178 silly tarball no local data for rechoir@https://registry.npmjs.org/rechoir/-/rechoir-0.8.0.tgz. Extracting by manifest.
179 silly tarball no local data for pg-connection-string@https://registry.npmjs.org/pg-connection-string/-/pg-connection-string-2.5.0.tgz. Extracting by manifest.
180 silly tarball no local data for interpret@https://registry.npmjs.org/interpret/-/interpret-2.2.0.tgz. Extracting by manifest.
181 silly tarball no local data for lodash@https://registry.npmjs.org/lodash/-/lodash-4.17.21.tgz. Extracting by manifest.
182 silly tarball no local data for getopts@https://registry.npmjs.org/getopts/-/getopts-2.3.0.tgz. Extracting by manifest.
183 silly tarball no local data for get-package-type@https://registry.npmjs.org/get-package-type/-/get-package-type-0.1.0.tgz. Extracting by manifest.
184 silly tarball no local data for esm@https://registry.npmjs.org/esm/-/esm-3.2.25.tgz. Extracting by manifest.
185 silly tarball no local data for escalade@https://registry.npmjs.org/escalade/-/escalade-3.1.1.tgz. Extracting by manifest.
186 silly tarball no local data for commander@https://registry.npmjs.org/commander/-/commander-9.4.0.tgz. Extracting by manifest.
187 silly tarball no local data for colorette@https://registry.npmjs.org/colorette/-/colorette-2.0.19.tgz. Extracting by manifest.
188 silly tarball no local data for mysql@https://registry.npmjs.org/mysql/-/mysql-2.18.1.tgz. Extracting by manifest.
189 silly tarball no local data for knex@https://registry.npmjs.org/knex/-/knex-2.3.0.tgz. Extracting by manifest.
190 silly tarball no local data for @types/knex@https://registry.npmjs.org/@types/knex/-/knex-0.16.1.tgz. Extracting by manifest.
191 silly tarball no local data for safe-buffer@https://registry.npmjs.org/safe-buffer/-/safe-buffer-5.1.2.tgz. Extracting by manifest.
192 silly tarball no local data for safe-buffer@https://registry.npmjs.org/safe-buffer/-/safe-buffer-5.1.2.tgz. Extracting by manifest.
193 silly tarball no local data for ms@https://registry.npmjs.org/ms/-/ms-2.1.2.tgz. Extracting by manifest.
194 silly tarball no local data for safe-buffer@https://registry.npmjs.org/safe-buffer/-/safe-buffer-5.1.2.tgz. Extracting by manifest.
195 silly tarball no local data for debug@https://registry.npmjs.org/debug/-/debug-4.3.4.tgz. Extracting by manifest.
196 http fetch POST 200 https://registry.npmjs.org/-/npm/v1/security/advisories/bulk 353ms
197 timing auditReport:getReport Completed in 364ms
198 silly audit report {}
199 timing auditReport:init Completed in 0ms
200 timing reify:audit Completed in 365ms
201 http fetch GET 200 https://registry.npmjs.org/process-nextick-args/-/process-nextick-args-2.0.1.tgz 520ms (cache miss)
202 timing reifyNode:node_modules/process-nextick-args Completed in 584ms
203 http fetch GET 200 https://registry.npmjs.org/tildify/-/tildify-2.0.0.tgz 555ms (cache miss)
204 http fetch GET 200 https://registry.npmjs.org/util-deprecate/-/util-deprecate-1.0.2.tgz 574ms (cache miss)
205 http fetch GET 200 https://registry.npmjs.org/resolve-from/-/resolve-from-5.0.0.tgz 568ms (cache miss)
206 http fetch GET 200 https://registry.npmjs.org/get-package-type/-/get-package-type-0.1.0.tgz 568ms (cache miss)
207 timing reifyNode:node_modules/resolve-from Completed in 655ms
208 timing reifyNode:node_modules/tildify Completed in 656ms
209 http fetch GET 200 https://registry.npmjs.org/pg-connection-string/-/pg-connection-string-2.5.0.tgz 603ms (cache miss)
210 timing reifyNode:node_modules/pg-connection-string Completed in 667ms
211 http fetch GET 200 https://registry.npmjs.org/string_decoder/-/string_decoder-1.1.1.tgz 626ms (cache miss)
212 http fetch GET 200 https://registry.npmjs.org/ms/-/ms-2.1.2.tgz 582ms (cache miss)
213 http fetch GET 200 https://registry.npmjs.org/interpret/-/interpret-2.2.0.tgz 629ms (cache miss)
214 timing reifyNode:node_modules/string_decoder Completed in 695ms
215 timing reifyNode:node_modules/knex/node_modules/ms Completed in 701ms
216 http fetch GET 200 https://registry.npmjs.org/core-util-is/-/core-util-is-1.0.3.tgz 673ms (cache miss)
217 timing reifyNode:node_modules/core-util-is Completed in 720ms
218 http fetch GET 200 https://registry.npmjs.org/sqlstring/-/sqlstring-2.3.1.tgz 674ms (cache miss)
219 timing reifyNode:node_modules/interpret Completed in 732ms
220 http fetch GET 200 https://registry.npmjs.org/safe-buffer/-/safe-buffer-5.1.2.tgz 648ms (cache miss)
221 timing reifyNode:node_modules/util-deprecate Completed in 747ms
222 timing reifyNode:node_modules/sqlstring Completed in 780ms
223 timing reifyNode:node_modules/mysql/node_modules/safe-buffer Completed in 783ms
224 http fetch GET 200 https://registry.npmjs.org/rechoir/-/rechoir-0.8.0.tgz 786ms (cache miss)
225 http fetch GET 200 https://registry.npmjs.org/isarray/-/isarray-1.0.0.tgz 807ms (cache miss)
226 timing reifyNode:node_modules/rechoir Completed in 857ms
227 timing reifyNode:node_modules/isarray Completed in 866ms
228 http fetch GET 200 https://registry.npmjs.org/safe-buffer/-/safe-buffer-5.1.2.tgz 776ms (cache miss)
229 timing reifyNode:node_modules/string_decoder/node_modules/safe-buffer Completed in 868ms
230 http fetch GET 200 https://registry.npmjs.org/colorette/-/colorette-2.0.19.tgz 795ms (cache miss)
231 timing reifyNode:node_modules/colorette Completed in 877ms
232 timing reifyNode:node_modules/get-package-type Completed in 884ms
233 http fetch GET 200 https://registry.npmjs.org/escalade/-/escalade-3.1.1.tgz 811ms (cache miss)
234 http fetch GET 200 https://registry.npmjs.org/getopts/-/getopts-2.3.0.tgz 819ms (cache miss)
235 timing reifyNode:node_modules/getopts Completed in 891ms
236 http fetch GET 200 https://registry.npmjs.org/safe-buffer/-/safe-buffer-5.1.2.tgz 801ms (cache miss)
237 timing reifyNode:node_modules/readable-stream/node_modules/safe-buffer Completed in 893ms
238 timing reifyNode:node_modules/escalade Completed in 910ms
239 http fetch GET 200 https://registry.npmjs.org/debug/-/debug-4.3.4.tgz 864ms (cache miss)
240 timing reifyNode:node_modules/knex/node_modules/debug Completed in 963ms
241 http fetch GET 200 https://registry.npmjs.org/esm/-/esm-3.2.25.tgz 920ms (cache miss)
242 timing reifyNode:node_modules/esm Completed in 995ms
243 http fetch GET 200 https://registry.npmjs.org/tarn/-/tarn-3.0.2.tgz 961ms (cache miss)
244 http fetch GET 200 https://registry.npmjs.org/commander/-/commander-9.4.0.tgz 944ms (cache miss)
245 timing reifyNode:node_modules/tarn Completed in 1026ms
246 timing reifyNode:node_modules/commander Completed in 1029ms
247 http fetch GET 200 https://registry.npmjs.org/bignumber.js/-/bignumber.js-9.0.0.tgz 1045ms (cache miss)
248 timing reifyNode:node_modules/bignumber.js Completed in 1126ms
249 http fetch GET 200 https://registry.npmjs.org/@types/knex/-/knex-0.16.1.tgz 1056ms (cache miss)
250 warn deprecated @types/knex@0.16.1: This is a stub types definition. knex provides its own type definitions, so you do not need this installed.
251 timing reifyNode:node_modules/@types/knex Completed in 1145ms
252 http fetch GET 200 https://registry.npmjs.org/readable-stream/-/readable-stream-2.3.7.tgz 1098ms (cache miss)
253 timing reifyNode:node_modules/readable-stream Completed in 1148ms
254 http fetch GET 200 https://registry.npmjs.org/mysql/-/mysql-2.18.1.tgz 1398ms (cache miss)
255 timing reifyNode:node_modules/mysql Completed in 1482ms
256 http fetch GET 200 https://registry.npmjs.org/knex/-/knex-2.3.0.tgz 2029ms (cache miss)
257 timing reifyNode:node_modules/knex Completed in 2118ms
258 http fetch GET 200 https://registry.npmjs.org/lodash/-/lodash-4.17.21.tgz 4026ms (cache miss)
259 timing reifyNode:node_modules/lodash Completed in 4098ms
260 timing reify:unpack Completed in 4100ms
261 timing reify:unretire Completed in 0ms
262 timing build:queue Completed in 2ms
263 timing build:link:node_modules/knex Completed in 28ms
264 timing build:link Completed in 28ms
265 timing build:deps Completed in 32ms
266 timing build Completed in 32ms
267 timing reify:build Completed in 33ms
268 timing reify:trash Completed in 3ms
269 timing reify:save Completed in 114ms
270 timing reify Completed in 7351ms
271 silly ADD node_modules/util-deprecate
272 silly ADD node_modules/string_decoder
273 silly ADD node_modules/string_decoder/node_modules/safe-buffer
274 silly ADD node_modules/process-nextick-args
275 silly ADD node_modules/isarray
276 silly ADD node_modules/core-util-is
277 silly ADD node_modules/sqlstring
278 silly ADD node_modules/readable-stream
279 silly ADD node_modules/readable-stream/node_modules/safe-buffer
280 silly ADD node_modules/bignumber.js
281 silly ADD node_modules/tildify
282 silly ADD node_modules/tarn
283 silly ADD node_modules/resolve-from
284 silly ADD node_modules/rechoir
285 silly ADD node_modules/pg-connection-string
286 silly ADD node_modules/lodash
287 silly ADD node_modules/interpret
288 silly ADD node_modules/getopts
289 silly ADD node_modules/get-package-type
290 silly ADD node_modules/esm
291 silly ADD node_modules/escalade
292 silly ADD node_modules/commander
293 silly ADD node_modules/colorette
294 silly ADD node_modules/mysql
295 silly ADD node_modules/mysql/node_modules/safe-buffer
296 silly ADD node_modules/knex
297 silly ADD node_modules/knex/node_modules/ms
298 silly ADD node_modules/knex/node_modules/debug
299 silly ADD node_modules/@types/knex
300 silly ADD
301 timing command:i Completed in 7364ms
302 verbose exit 0
303 timing npm Completed in 7667ms
304 info ok
