0 verbose cli D:\Program Files\nodejs\node.exe C:\Users\CarlosS\AppData\Roaming\npm\node_modules\npm\bin\npm-cli.js
1 info using npm@8.14.0
2 info using node@v14.17.0
3 timing npm:load:whichnode Completed in 1ms
4 timing config:load:defaults Completed in 3ms
5 timing config:load:file:C:\Users\CarlosS\AppData\Roaming\npm\node_modules\npm\npmrc Completed in 11ms
6 timing config:load:builtin Completed in 12ms
7 timing config:load:cli Completed in 3ms
8 timing config:load:env Completed in 1ms
9 timing config:load:file:C:\Users\CarlosS\Desktop\AtividadeTeste\Ailton-labenu-system4\.npmrc Completed in 0ms
10 timing config:load:project Completed in 3ms
11 timing config:load:file:C:\Users\CarlosS\.npmrc Completed in 0ms
12 timing config:load:user Completed in 1ms
13 timing config:load:file:C:\Users\CarlosS\AppData\Roaming\npm\etc\npmrc Completed in 0ms
14 timing config:load:global Completed in 1ms
15 timing config:load:validate Completed in 1ms
16 timing config:load:credentials Completed in 1ms
17 timing config:load:setEnvs Completed in 2ms
18 timing config:load Completed in 29ms
19 timing npm:load:configload Completed in 29ms
20 timing npm:load:mkdirpcache Completed in 1ms
21 timing npm:load:mkdirplogs Completed in 1ms
22 verbose title npm i dotenv
23 verbose argv "i" "dotenv"
24 timing npm:load:setTitle Completed in 2ms
25 timing config:load:flatten Completed in 6ms
26 timing npm:load:display Completed in 8ms
27 verbose logfile logs-max:10 dir:C:\Users\CarlosS\Desktop\AtividadeTeste\Ailton-labenu-system4\tmpnodejsnpm-cache\_logs
28 verbose logfile C:\Users\CarlosS\Desktop\AtividadeTeste\Ailton-labenu-system4\tmpnodejsnpm-cache\_logs\2022-09-08T16_11_21_133Z-debug-0.log
29 timing npm:load:logFile Completed in 11ms
30 timing npm:load:timers Completed in 0ms
31 timing npm:load:configScope Completed in 0ms
32 timing npm:load Completed in 53ms
33 timing arborist:ctor Completed in 2ms
34 silly logfile done cleaning log files
35 timing idealTree:init Completed in 203ms
36 timing idealTree:userRequests Completed in 3ms
37 silly idealTree buildDeps
38 silly fetch manifest dotenv@*
39 timing arborist:ctor Completed in 0ms
40 http fetch GET 200 https://registry.npmjs.org/dotenv 283ms (cache miss)
41 silly placeDep ROOT dotenv@16.0.2 OK for: ailton-labenu-system4@1.0.0 want: *
42 timing idealTree:#root Completed in 296ms
43 timing idealTree:node_modules/dotenv Completed in 0ms
44 timing idealTree:buildDeps Completed in 298ms
45 timing idealTree:fixDepFlags Completed in 4ms
46 timing idealTree Completed in 516ms
47 timing reify:loadTrees Completed in 517ms
48 timing reify:diffTrees Completed in 15ms
49 silly reify moves {}
50 timing reify:retireShallow Completed in 2ms
51 timing reify:createSparse Completed in 2ms
52 timing reify:loadBundles Completed in 0ms
53 silly audit bulk request {
53 silly audit   '@cspotcode/source-map-support': [ '0.8.1' ],
53 silly audit   '@jridgewell/resolve-uri': [ '3.1.0' ],
53 silly audit   '@jridgewell/sourcemap-codec': [ '1.4.14' ],
53 silly audit   '@jridgewell/trace-mapping': [ '0.3.9' ],
53 silly audit   '@tsconfig/node10': [ '1.0.9' ],
53 silly audit   '@tsconfig/node12': [ '1.0.11' ],
53 silly audit   '@tsconfig/node14': [ '1.0.3' ],
53 silly audit   '@tsconfig/node16': [ '1.0.3' ],
53 silly audit   '@types/body-parser': [ '1.19.2' ],
53 silly audit   '@types/connect': [ '3.4.35' ],
53 silly audit   '@types/cors': [ '2.8.12' ],
53 silly audit   '@types/express': [ '4.17.13' ],
53 silly audit   '@types/express-serve-static-core': [ '4.17.30' ],
53 silly audit   '@types/knex': [ '0.16.1' ],
53 silly audit   '@types/mime': [ '3.0.1' ],
53 silly audit   '@types/node': [ '18.7.16' ],
53 silly audit   '@types/qs': [ '6.9.7' ],
53 silly audit   '@types/range-parser': [ '1.2.4' ],
53 silly audit   '@types/serve-static': [ '1.15.0' ],
53 silly audit   '@types/strip-bom': [ '3.0.0' ],
53 silly audit   '@types/strip-json-comments': [ '0.0.30' ],
53 silly audit   accepts: [ '1.3.8' ],
53 silly audit   acorn: [ '8.8.0' ],
53 silly audit   'acorn-walk': [ '8.2.0' ],
53 silly audit   anymatch: [ '3.1.2' ],
53 silly audit   arg: [ '4.1.3' ],
53 silly audit   'array-flatten': [ '1.1.1' ],
53 silly audit   'balanced-match': [ '1.0.2' ],
53 silly audit   'bignumber.js': [ '9.0.0' ],
53 silly audit   'binary-extensions': [ '2.2.0' ],
53 silly audit   'body-parser': [ '1.20.0' ],
53 silly audit   'brace-expansion': [ '1.1.11' ],
53 silly audit   braces: [ '3.0.2' ],
53 silly audit   'buffer-from': [ '1.1.2' ],
53 silly audit   bytes: [ '3.1.2' ],
53 silly audit   'call-bind': [ '1.0.2' ],
53 silly audit   chokidar: [ '3.5.3' ],
53 silly audit   colorette: [ '2.0.19' ],
53 silly audit   commander: [ '9.4.0' ],
53 silly audit   'concat-map': [ '0.0.1' ],
53 silly audit   'content-disposition': [ '0.5.4' ],
53 silly audit   'content-type': [ '1.0.4' ],
53 silly audit   cookie: [ '0.5.0' ],
53 silly audit   'cookie-signature': [ '1.0.6' ],
53 silly audit   'core-util-is': [ '1.0.3' ],
53 silly audit   cors: [ '2.8.5' ],
53 silly audit   'create-require': [ '1.1.1' ],
53 silly audit   debug: [ '2.6.9', '4.3.4' ],
53 silly audit   depd: [ '2.0.0' ],
53 silly audit   destroy: [ '1.2.0' ],
53 silly audit   diff: [ '4.0.2' ],
53 silly audit   'dynamic-dedupe': [ '0.3.0' ],
53 silly audit   'ee-first': [ '1.1.1' ],
53 silly audit   encodeurl: [ '1.0.2' ],
53 silly audit   escalade: [ '3.1.1' ],
53 silly audit   'escape-html': [ '1.0.3' ],
53 silly audit   esm: [ '3.2.25' ],
53 silly audit   etag: [ '1.8.1' ],
53 silly audit   express: [ '4.18.1' ],
53 silly audit   'fill-range': [ '7.0.1' ],
53 silly audit   finalhandler: [ '1.2.0' ],
53 silly audit   forwarded: [ '0.2.0' ],
53 silly audit   fresh: [ '0.5.2' ],
53 silly audit   'fs.realpath': [ '1.0.0' ],
53 silly audit   fsevents: [ '2.3.2' ],
53 silly audit   'function-bind': [ '1.1.1' ],
53 silly audit   'get-intrinsic': [ '1.1.2' ],
53 silly audit   'get-package-type': [ '0.1.0' ],
53 silly audit   getopts: [ '2.3.0' ],
53 silly audit   glob: [ '7.2.3' ],
53 silly audit   'glob-parent': [ '5.1.2' ],
53 silly audit   has: [ '1.0.3' ],
53 silly audit   'has-symbols': [ '1.0.3' ],
53 silly audit   'http-errors': [ '2.0.0' ],
53 silly audit   'iconv-lite': [ '0.4.24' ],
53 silly audit   inflight: [ '1.0.6' ],
53 silly audit   inherits: [ '2.0.4' ],
53 silly audit   interpret: [ '2.2.0' ],
53 silly audit   'ipaddr.js': [ '1.9.1' ],
53 silly audit   'is-binary-path': [ '2.1.0' ],
53 silly audit   'is-core-module': [ '2.10.0' ],
53 silly audit   'is-extglob': [ '2.1.1' ],
53 silly audit   'is-glob': [ '4.0.3' ],
53 silly audit   'is-number': [ '7.0.0' ],
53 silly audit   isarray: [ '1.0.0' ],
53 silly audit   knex: [ '2.3.0' ],
53 silly audit   ms: [ '2.1.2', '2.0.0', '2.1.3' ],
53 silly audit   lodash: [ '4.17.21' ],
53 silly audit   'make-error': [ '1.3.6' ],
53 silly audit   'media-typer': [ '0.3.0' ],
53 silly audit   'merge-descriptors': [ '1.0.1' ],
53 silly audit   methods: [ '1.1.2' ],
53 silly audit   mime: [ '1.6.0' ],
53 silly audit   'mime-db': [ '1.52.0' ],
53 silly audit   'mime-types': [ '2.1.35' ],
53 silly audit   minimatch: [ '3.1.2' ],
53 silly audit   minimist: [ '1.2.6' ],
53 silly audit   mkdirp: [ '1.0.4' ],
53 silly audit   mysql: [ '2.18.1' ],
53 silly audit   'safe-buffer': [ '5.1.2', '5.2.1' ],
53 silly audit   negotiator: [ '0.6.3' ],
53 silly audit   'normalize-path': [ '3.0.0' ],
53 silly audit   'object-assign': [ '4.1.1' ],
53 silly audit   'object-inspect': [ '1.12.2' ],
53 silly audit   'on-finished': [ '2.4.1' ],
53 silly audit   once: [ '1.4.0' ],
53 silly audit   parseurl: [ '1.3.3' ],
53 silly audit   'path-is-absolute': [ '1.0.1' ],
53 silly audit   'path-parse': [ '1.0.7' ],
53 silly audit   'path-to-regexp': [ '0.1.7' ],
53 silly audit   'pg-connection-string': [ '2.5.0' ],
53 silly audit   picomatch: [ '2.3.1' ],
53 silly audit   'process-nextick-args': [ '2.0.1' ],
53 silly audit   'proxy-addr': [ '2.0.7' ],
53 silly audit   qs: [ '6.10.3' ],
53 silly audit   'range-parser': [ '1.2.1' ],
53 silly audit   'raw-body': [ '2.5.1' ],
53 silly audit   'readable-stream': [ '2.3.7' ],
53 silly audit   readdirp: [ '3.6.0' ],
53 silly audit   rechoir: [ '0.8.0' ],
53 silly audit   resolve: [ '1.22.1' ],
53 silly audit   'resolve-from': [ '5.0.0' ],
53 silly audit   rimraf: [ '2.7.1' ],
53 silly audit   'safer-buffer': [ '2.1.2' ],
53 silly audit   send: [ '0.18.0' ],
53 silly audit   'serve-static': [ '1.15.0' ],
53 silly audit   setprototypeof: [ '1.2.0' ],
53 silly audit   'side-channel': [ '1.0.4' ],
53 silly audit   'source-map': [ '0.6.1' ],
53 silly audit   'source-map-support': [ '0.5.21' ],
53 silly audit   sqlstring: [ '2.3.1' ],
53 silly audit   statuses: [ '2.0.1' ],
53 silly audit   string_decoder: [ '1.1.1' ],
53 silly audit   'strip-bom': [ '3.0.0' ],
53 silly audit   'strip-json-comments': [ '2.0.1' ],
53 silly audit   'supports-preserve-symlinks-flag': [ '1.0.0' ],
53 silly audit   tarn: [ '3.0.2' ],
53 silly audit   tildify: [ '2.0.0' ],
53 silly audit   'to-regex-range': [ '5.0.1' ],
53 silly audit   toidentifier: [ '1.0.1' ],
53 silly audit   'tree-kill': [ '1.2.2' ],
53 silly audit   'ts-node': [ '10.9.1' ],
53 silly audit   'ts-node-dev': [ '2.0.0' ],
53 silly audit   tsconfig: [ '7.0.0' ],
53 silly audit   'type-is': [ '1.6.18' ],
53 silly audit   typescript: [ '4.8.2' ],
53 silly audit   unpipe: [ '1.0.0' ],
53 silly audit   'util-deprecate': [ '1.0.2' ],
53 silly audit   'utils-merge': [ '1.0.1' ],
53 silly audit   'v8-compile-cache-lib': [ '3.0.1' ],
53 silly audit   vary: [ '1.1.2' ],
53 silly audit   wrappy: [ '1.0.2' ],
53 silly audit   xtend: [ '4.0.2' ],
53 silly audit   yn: [ '3.1.1' ],
53 silly audit   dotenv: [ '16.0.2' ]
53 silly audit }
54 verbose reify failed optional dependency C:\Users\CarlosS\Desktop\AtividadeTeste\Ailton-labenu-system4\node_modules\fsevents
55 silly reify mark deleted [
55 silly reify   'C:\\Users\\CarlosS\\Desktop\\AtividadeTeste\\Ailton-labenu-system4\\node_modules\\fsevents'
55 silly reify ]
56 timing reifyNode:node_modules/fsevents Completed in 8ms
57 silly tarball no local data for dotenv@https://registry.npmjs.org/dotenv/-/dotenv-16.0.2.tgz. Extracting by manifest.
58 http fetch GET 200 https://registry.npmjs.org/dotenv/-/dotenv-16.0.2.tgz 142ms (cache miss)
59 timing reifyNode:node_modules/dotenv Completed in 157ms
60 timing reify:unpack Completed in 158ms
61 timing reify:unretire Completed in 0ms
62 timing build:queue Completed in 1ms
63 timing build:deps Completed in 2ms
64 timing build Completed in 2ms
65 timing reify:build Completed in 3ms
66 timing reify:trash Completed in 4ms
67 http fetch POST 200 https://registry.npmjs.org/-/npm/v1/security/advisories/bulk 262ms
68 timing auditReport:getReport Completed in 270ms
69 silly audit report {}
70 timing auditReport:init Completed in 0ms
71 timing reify:audit Completed in 271ms
72 timing reify:save Completed in 96ms
73 timing reify Completed in 873ms
74 silly ADD node_modules/dotenv
75 silly ADD
76 timing command:i Completed in 887ms
77 verbose exit 0
78 timing npm Completed in 1172ms
79 info ok
