0 verbose cli D:\Program Files\nodejs\node.exe C:\Users\CarlosS\AppData\Roaming\npm\node_modules\npm\bin\npm-cli.js
1 info using npm@8.14.0
2 info using node@v14.17.0
3 timing npm:load:whichnode Completed in 1ms
4 timing config:load:defaults Completed in 3ms
5 timing config:load:file:C:\Users\CarlosS\AppData\Roaming\npm\node_modules\npm\npmrc Completed in 11ms
6 timing config:load:builtin Completed in 11ms
7 timing config:load:cli Completed in 4ms
8 timing config:load:env Completed in 1ms
9 timing config:load:file:C:\Users\CarlosS\Desktop\AtividadeTeste\Ailton-labenu-system4\.npmrc Completed in 0ms
10 timing config:load:project Completed in 3ms
11 timing config:load:file:C:\Users\CarlosS\.npmrc Completed in 0ms
12 timing config:load:user Completed in 0ms
13 timing config:load:file:C:\Users\CarlosS\AppData\Roaming\npm\etc\npmrc Completed in 1ms
14 timing config:load:global Completed in 1ms
15 timing config:load:validate Completed in 1ms
16 timing config:load:credentials Completed in 1ms
17 timing config:load:setEnvs Completed in 1ms
18 timing config:load Completed in 29ms
19 timing npm:load:configload Completed in 29ms
20 timing npm:load:mkdirpcache Completed in 1ms
21 timing npm:load:mkdirplogs Completed in 1ms
22 verbose title npm i typescript
23 verbose argv "i" "typescript" "--save-dev"
24 timing npm:load:setTitle Completed in 3ms
25 timing config:load:flatten Completed in 6ms
26 timing npm:load:display Completed in 7ms
27 verbose logfile logs-max:10 dir:C:\Users\CarlosS\Desktop\AtividadeTeste\Ailton-labenu-system4\tmpnodejsnpm-cache\_logs
28 verbose logfile C:\Users\CarlosS\Desktop\AtividadeTeste\Ailton-labenu-system4\tmpnodejsnpm-cache\_logs\2022-09-08T16_09_45_775Z-debug-0.log
29 timing npm:load:logFile Completed in 9ms
30 timing npm:load:timers Completed in 0ms
31 timing npm:load:configScope Completed in 0ms
32 timing npm:load Completed in 53ms
33 timing arborist:ctor Completed in 1ms
34 silly logfile done cleaning log files
35 timing idealTree:init Completed in 132ms
36 timing idealTree:userRequests Completed in 5ms
37 silly idealTree buildDeps
38 silly fetch manifest typescript@*
39 timing arborist:ctor Completed in 0ms
40 http fetch GET 200 https://registry.npmjs.org/typescript 118ms (cache hit)
41 silly placeDep ROOT typescript@4.8.2 REPLACE for: ailton-labenu-system4@1.0.0 want: *
42 timing idealTree:#root Completed in 206ms
43 timing idealTree:node_modules/typescript Completed in 0ms
44 timing idealTree:buildDeps Completed in 208ms
45 timing idealTree:fixDepFlags Completed in 2ms
46 timing idealTree Completed in 352ms
47 timing reify:loadTrees Completed in 353ms
48 timing reify:diffTrees Completed in 20ms
49 silly reify moves {}
50 timing reify:retireShallow Completed in 4ms
51 timing reify:createSparse Completed in 38ms
52 timing reify:loadBundles Completed in 0ms
53 silly audit bulk request {
53 silly audit   '@cspotcode/source-map-support': [ '0.8.1' ],
53 silly audit   '@jridgewell/resolve-uri': [ '3.1.0' ],
53 silly audit   '@jridgewell/sourcemap-codec': [ '1.4.14' ],
53 silly audit   '@jridgewell/trace-mapping': [ '0.3.9' ],
53 silly audit   '@tsconfig/node10': [ '1.0.9' ],
53 silly audit   '@tsconfig/node12': [ '1.0.11' ],
53 silly audit   '@tsconfig/node14': [ '1.0.3' ],
53 silly audit   '@tsconfig/node16': [ '1.0.3' ],
53 silly audit   '@types/node': [ '18.7.16' ],
53 silly audit   '@types/strip-bom': [ '3.0.0' ],
53 silly audit   '@types/strip-json-comments': [ '0.0.30' ],
53 silly audit   acorn: [ '8.8.0' ],
53 silly audit   'acorn-walk': [ '8.2.0' ],
53 silly audit   anymatch: [ '3.1.2' ],
53 silly audit   arg: [ '4.1.3' ],
53 silly audit   'balanced-match': [ '1.0.2' ],
53 silly audit   'binary-extensions': [ '2.2.0' ],
53 silly audit   'brace-expansion': [ '1.1.11' ],
53 silly audit   braces: [ '3.0.2' ],
53 silly audit   'buffer-from': [ '1.1.2' ],
53 silly audit   chokidar: [ '3.5.3' ],
53 silly audit   'concat-map': [ '0.0.1' ],
53 silly audit   'create-require': [ '1.1.1' ],
53 silly audit   diff: [ '4.0.2' ],
53 silly audit   'dynamic-dedupe': [ '0.3.0' ],
53 silly audit   'fill-range': [ '7.0.1' ],
53 silly audit   'fs.realpath': [ '1.0.0' ],
53 silly audit   fsevents: [ '2.3.2' ],
53 silly audit   'function-bind': [ '1.1.1' ],
53 silly audit   glob: [ '7.2.3' ],
53 silly audit   'glob-parent': [ '5.1.2' ],
53 silly audit   has: [ '1.0.3' ],
53 silly audit   inflight: [ '1.0.6' ],
53 silly audit   inherits: [ '2.0.4' ],
53 silly audit   'is-binary-path': [ '2.1.0' ],
53 silly audit   'is-core-module': [ '2.10.0' ],
53 silly audit   'is-extglob': [ '2.1.1' ],
53 silly audit   'is-glob': [ '4.0.3' ],
53 silly audit   'is-number': [ '7.0.0' ],
53 silly audit   'make-error': [ '1.3.6' ],
53 silly audit   minimatch: [ '3.1.2' ],
53 silly audit   minimist: [ '1.2.6' ],
53 silly audit   mkdirp: [ '1.0.4' ],
53 silly audit   'normalize-path': [ '3.0.0' ],
53 silly audit   once: [ '1.4.0' ],
53 silly audit   'path-is-absolute': [ '1.0.1' ],
53 silly audit   'path-parse': [ '1.0.7' ],
53 silly audit   picomatch: [ '2.3.1' ],
53 silly audit   readdirp: [ '3.6.0' ],
53 silly audit   resolve: [ '1.22.1' ],
53 silly audit   rimraf: [ '2.7.1' ],
53 silly audit   'source-map': [ '0.6.1' ],
53 silly audit   'source-map-support': [ '0.5.21' ],
53 silly audit   'strip-bom': [ '3.0.0' ],
53 silly audit   'strip-json-comments': [ '2.0.1' ],
53 silly audit   'supports-preserve-symlinks-flag': [ '1.0.0' ],
53 silly audit   'to-regex-range': [ '5.0.1' ],
53 silly audit   'tree-kill': [ '1.2.2' ],
53 silly audit   'ts-node': [ '10.9.1' ],
53 silly audit   'ts-node-dev': [ '2.0.0' ],
53 silly audit   tsconfig: [ '7.0.0' ],
53 silly audit   'v8-compile-cache-lib': [ '3.0.1' ],
53 silly audit   wrappy: [ '1.0.2' ],
53 silly audit   xtend: [ '4.0.2' ],
53 silly audit   yn: [ '3.1.1' ],
53 silly audit   typescript: [ '4.8.2' ]
53 silly audit }
54 verbose reify failed optional dependency C:\Users\CarlosS\Desktop\AtividadeTeste\Ailton-labenu-system4\node_modules\fsevents
55 silly reify mark deleted [
55 silly reify   'C:\\Users\\CarlosS\\Desktop\\AtividadeTeste\\Ailton-labenu-system4\\node_modules\\fsevents'
55 silly reify ]
56 timing reifyNode:node_modules/fsevents Completed in 109ms
57 timing reify:unpack Completed in 118ms
58 timing reify:unretire Completed in 0ms
59 timing build:queue Completed in 276ms
60 timing build:deps Completed in 293ms
61 timing build Completed in 294ms
62 timing reify:build Completed in 296ms
63 timing reify:trash Completed in 14ms
64 timing reify:save Completed in 77ms
65 http fetch POST 200 https://registry.npmjs.org/-/npm/v1/security/advisories/bulk 777ms
66 timing auditReport:getReport Completed in 790ms
67 silly audit report {}
68 timing auditReport:init Completed in 0ms
69 timing reify:audit Completed in 790ms
70 timing reify Completed in 1219ms
71 silly ADD
72 timing command:i Completed in 1228ms
73 verbose exit 0
74 timing npm Completed in 1453ms
75 info ok
