0 verbose cli D:\Program Files\nodejs\node.exe C:\Users\CarlosS\AppData\Roaming\npm\node_modules\npm\bin\npm-cli.js
1 info using npm@8.14.0
2 info using node@v14.17.0
3 timing npm:load:whichnode Completed in 1ms
4 timing config:load:defaults Completed in 2ms
5 timing config:load:file:C:\Users\CarlosS\AppData\Roaming\npm\node_modules\npm\npmrc Completed in 10ms
6 timing config:load:builtin Completed in 11ms
7 timing config:load:cli Completed in 2ms
8 timing config:load:env Completed in 2ms
9 timing config:load:file:C:\Users\CarlosS\Desktop\AtividadeTeste\Ailton-labenu-system4\.npmrc Completed in 0ms
10 timing config:load:project Completed in 3ms
11 timing config:load:file:C:\Users\CarlosS\.npmrc Completed in 1ms
12 timing config:load:user Completed in 1ms
13 timing config:load:file:C:\Users\CarlosS\AppData\Roaming\npm\etc\npmrc Completed in 0ms
14 timing config:load:global Completed in 1ms
15 timing config:load:validate Completed in 1ms
16 timing config:load:credentials Completed in 1ms
17 timing config:load:setEnvs Completed in 1ms
18 timing config:load Completed in 25ms
19 timing npm:load:configload Completed in 26ms
20 timing npm:load:mkdirpcache Completed in 2ms
21 timing npm:load:mkdirplogs Completed in 0ms
22 verbose title npm i express cors
23 verbose argv "i" "express" "cors"
24 timing npm:load:setTitle Completed in 3ms
25 timing config:load:flatten Completed in 5ms
26 timing npm:load:display Completed in 6ms
27 verbose logfile logs-max:10 dir:C:\Users\CarlosS\Desktop\AtividadeTeste\Ailton-labenu-system4\tmpnodejsnpm-cache\_logs
28 verbose logfile C:\Users\CarlosS\Desktop\AtividadeTeste\Ailton-labenu-system4\tmpnodejsnpm-cache\_logs\2022-09-08T16_10_33_047Z-debug-0.log
29 timing npm:load:logFile Completed in 10ms
30 timing npm:load:timers Completed in 0ms
31 timing npm:load:configScope Completed in 0ms
32 timing npm:load Completed in 48ms
33 timing arborist:ctor Completed in 2ms
34 silly logfile done cleaning log files
35 timing idealTree:init Completed in 158ms
36 timing idealTree:userRequests Completed in 3ms
37 silly idealTree buildDeps
38 silly fetch manifest express@*
39 timing arborist:ctor Completed in 0ms
40 http fetch GET 200 https://registry.npmjs.org/express 335ms (cache miss)
41 silly fetch manifest cors@*
42 http fetch GET 200 https://registry.npmjs.org/cors 115ms (cache miss)
43 silly placeDep ROOT cors@2.8.5 OK for: ailton-labenu-system4@1.0.0 want: *
44 silly placeDep ROOT express@4.18.1 OK for: ailton-labenu-system4@1.0.0 want: *
45 silly fetch manifest object-assign@^4
46 silly fetch manifest vary@^1
47 silly fetch manifest accepts@~1.3.8
48 silly fetch manifest array-flatten@1.1.1
49 silly fetch manifest body-parser@1.20.0
50 silly fetch manifest content-disposition@0.5.4
51 silly fetch manifest content-type@~1.0.4
52 silly fetch manifest cookie@0.5.0
53 silly fetch manifest cookie-signature@1.0.6
54 silly fetch manifest debug@2.6.9
55 silly fetch manifest depd@2.0.0
56 silly fetch manifest encodeurl@~1.0.2
57 silly fetch manifest escape-html@~1.0.3
58 silly fetch manifest etag@~1.8.1
59 silly fetch manifest finalhandler@1.2.0
60 silly fetch manifest fresh@0.5.2
61 silly fetch manifest http-errors@2.0.0
62 silly fetch manifest merge-descriptors@1.0.1
63 silly fetch manifest methods@~1.1.2
64 silly fetch manifest on-finished@2.4.1
65 silly fetch manifest parseurl@~1.3.3
66 silly fetch manifest path-to-regexp@0.1.7
67 silly fetch manifest proxy-addr@~2.0.7
68 silly fetch manifest qs@6.10.3
69 silly fetch manifest range-parser@~1.2.1
70 silly fetch manifest safe-buffer@5.2.1
71 silly fetch manifest send@0.18.0
72 silly fetch manifest serve-static@1.15.0
73 silly fetch manifest setprototypeof@1.2.0
74 silly fetch manifest statuses@2.0.1
75 silly fetch manifest type-is@~1.6.18
76 silly fetch manifest utils-merge@1.0.1
77 silly fetch manifest vary@~1.1.2
78 http fetch GET 200 https://registry.npmjs.org/object-assign 207ms (cache miss)
79 http fetch GET 200 https://registry.npmjs.org/fresh 321ms (cache miss)
80 http fetch GET 200 https://registry.npmjs.org/etag 467ms (cache miss)
81 http fetch GET 200 https://registry.npmjs.org/escape-html 538ms (cache miss)
82 http fetch GET 200 https://registry.npmjs.org/finalhandler 559ms (cache miss)
83 http fetch GET 200 https://registry.npmjs.org/parseurl 612ms (cache miss)
84 http fetch GET 200 https://registry.npmjs.org/vary 692ms (cache miss)
85 http fetch GET 200 https://registry.npmjs.org/http-errors 653ms (cache miss)
86 http fetch GET 200 https://registry.npmjs.org/cookie-signature 678ms (cache miss)
87 http fetch GET 200 https://registry.npmjs.org/accepts 705ms (cache miss)
88 http fetch GET 200 https://registry.npmjs.org/methods 671ms (cache miss)
89 http fetch GET 200 https://registry.npmjs.org/merge-descriptors 678ms (cache miss)
90 http fetch GET 200 https://registry.npmjs.org/range-parser 710ms (cache miss)
91 http fetch GET 200 https://registry.npmjs.org/content-disposition 763ms (cache miss)
92 http fetch GET 200 https://registry.npmjs.org/statuses 705ms (cache miss)
93 http fetch GET 200 https://registry.npmjs.org/vary 697ms (cache miss)
94 http fetch GET 200 https://registry.npmjs.org/on-finished 739ms (cache miss)
95 http fetch GET 200 https://registry.npmjs.org/type-is 711ms (cache miss)
96 http fetch GET 200 https://registry.npmjs.org/qs 737ms (cache miss)
97 http fetch GET 200 https://registry.npmjs.org/utils-merge 723ms (cache miss)
98 http fetch GET 200 https://registry.npmjs.org/setprototypeof 733ms (cache miss)
99 http fetch GET 200 https://registry.npmjs.org/safe-buffer 757ms (cache miss)
100 http fetch GET 200 https://registry.npmjs.org/send 757ms (cache miss)
101 http fetch GET 200 https://registry.npmjs.org/encodeurl 805ms (cache miss)
102 http fetch GET 200 https://registry.npmjs.org/array-flatten 848ms (cache miss)
103 http fetch GET 200 https://registry.npmjs.org/depd 827ms (cache miss)
104 http fetch GET 200 https://registry.npmjs.org/debug 882ms (cache miss)
105 http fetch GET 200 https://registry.npmjs.org/body-parser 952ms (cache miss)
106 http fetch GET 200 https://registry.npmjs.org/path-to-regexp 909ms (cache miss)
107 http fetch GET 200 https://registry.npmjs.org/serve-static 926ms (cache miss)
108 http fetch GET 200 https://registry.npmjs.org/cookie 1093ms (cache miss)
109 http fetch GET 200 https://registry.npmjs.org/content-type 1164ms (cache miss)
110 http fetch GET 200 https://registry.npmjs.org/proxy-addr 1147ms (cache miss)
111 timing idealTree:#root Completed in 1705ms
112 silly placeDep ROOT object-assign@4.1.1 OK for: cors@2.8.5 want: ^4
113 silly placeDep ROOT vary@1.1.2 OK for: cors@2.8.5 want: ^1
114 timing idealTree:node_modules/cors Completed in 6ms
115 silly placeDep ROOT accepts@1.3.8 OK for: express@4.18.1 want: ~1.3.8
116 silly placeDep ROOT array-flatten@1.1.1 OK for: express@4.18.1 want: 1.1.1
117 silly placeDep ROOT body-parser@1.20.0 OK for: express@4.18.1 want: 1.20.0
118 silly placeDep ROOT content-disposition@0.5.4 OK for: express@4.18.1 want: 0.5.4
119 silly placeDep ROOT content-type@1.0.4 OK for: express@4.18.1 want: ~1.0.4
120 silly placeDep ROOT cookie@0.5.0 OK for: express@4.18.1 want: 0.5.0
121 silly placeDep ROOT cookie-signature@1.0.6 OK for: express@4.18.1 want: 1.0.6
122 silly placeDep ROOT debug@2.6.9 OK for: express@4.18.1 want: 2.6.9
123 silly placeDep ROOT depd@2.0.0 OK for: express@4.18.1 want: 2.0.0
124 silly placeDep ROOT encodeurl@1.0.2 OK for: express@4.18.1 want: ~1.0.2
125 silly placeDep ROOT escape-html@1.0.3 OK for: express@4.18.1 want: ~1.0.3
126 silly placeDep ROOT etag@1.8.1 OK for: express@4.18.1 want: ~1.8.1
127 silly placeDep ROOT finalhandler@1.2.0 OK for: express@4.18.1 want: 1.2.0
128 silly placeDep ROOT fresh@0.5.2 OK for: express@4.18.1 want: 0.5.2
129 silly placeDep ROOT http-errors@2.0.0 OK for: express@4.18.1 want: 2.0.0
130 silly placeDep ROOT merge-descriptors@1.0.1 OK for: express@4.18.1 want: 1.0.1
131 silly placeDep ROOT methods@1.1.2 OK for: express@4.18.1 want: ~1.1.2
132 silly placeDep ROOT on-finished@2.4.1 OK for: express@4.18.1 want: 2.4.1
133 silly placeDep ROOT parseurl@1.3.3 OK for: express@4.18.1 want: ~1.3.3
134 silly placeDep ROOT path-to-regexp@0.1.7 OK for: express@4.18.1 want: 0.1.7
135 silly placeDep ROOT proxy-addr@2.0.7 OK for: express@4.18.1 want: ~2.0.7
136 silly placeDep ROOT qs@6.10.3 OK for: express@4.18.1 want: 6.10.3
137 silly placeDep ROOT range-parser@1.2.1 OK for: express@4.18.1 want: ~1.2.1
138 silly placeDep ROOT safe-buffer@5.2.1 OK for: express@4.18.1 want: 5.2.1
139 silly placeDep ROOT send@0.18.0 OK for: express@4.18.1 want: 0.18.0
140 silly placeDep ROOT serve-static@1.15.0 OK for: express@4.18.1 want: 1.15.0
141 silly placeDep ROOT setprototypeof@1.2.0 OK for: express@4.18.1 want: 1.2.0
142 silly placeDep ROOT statuses@2.0.1 OK for: express@4.18.1 want: 2.0.1
143 silly placeDep ROOT type-is@1.6.18 OK for: express@4.18.1 want: ~1.6.18
144 silly placeDep ROOT utils-merge@1.0.1 OK for: express@4.18.1 want: 1.0.1
145 silly fetch manifest mime-types@~2.1.34
146 silly fetch manifest negotiator@0.6.3
147 silly fetch manifest bytes@3.1.2
148 silly fetch manifest destroy@1.2.0
149 silly fetch manifest iconv-lite@0.4.24
150 silly fetch manifest raw-body@2.5.1
151 silly fetch manifest unpipe@1.0.0
152 silly fetch manifest ms@2.0.0
153 silly fetch manifest unpipe@~1.0.0
154 silly fetch manifest toidentifier@1.0.1
155 silly fetch manifest ee-first@1.1.1
156 silly fetch manifest forwarded@0.2.0
157 silly fetch manifest ipaddr.js@1.9.1
158 silly fetch manifest side-channel@^1.0.4
159 silly fetch manifest mime@1.6.0
160 silly fetch manifest ms@2.1.3
161 silly fetch manifest media-typer@0.3.0
162 silly fetch manifest mime-types@~2.1.24
163 http fetch GET 200 https://registry.npmjs.org/ee-first 307ms (cache miss)
164 http fetch GET 200 https://registry.npmjs.org/toidentifier 320ms (cache miss)
165 http fetch GET 200 https://registry.npmjs.org/side-channel 316ms (cache miss)
166 http fetch GET 200 https://registry.npmjs.org/destroy 360ms (cache miss)
167 http fetch GET 200 https://registry.npmjs.org/bytes 438ms (cache miss)
168 http fetch GET 200 https://registry.npmjs.org/mime-types 412ms (cache miss)
169 http fetch GET 200 https://registry.npmjs.org/negotiator 446ms (cache miss)
170 http fetch GET 200 https://registry.npmjs.org/raw-body 446ms (cache miss)
171 http fetch GET 200 https://registry.npmjs.org/ipaddr.js 435ms (cache miss)
172 http fetch GET 200 https://registry.npmjs.org/ms 448ms (cache miss)
173 http fetch GET 200 https://registry.npmjs.org/mime-types 466ms (cache miss)
174 http fetch GET 200 https://registry.npmjs.org/ms 444ms (cache miss)
175 http fetch GET 200 https://registry.npmjs.org/forwarded 455ms (cache miss)
176 http fetch GET 200 https://registry.npmjs.org/iconv-lite 526ms (cache miss)
177 http fetch GET 200 https://registry.npmjs.org/mime 514ms (cache miss)
178 http fetch GET 200 https://registry.npmjs.org/unpipe 964ms (cache miss)
179 http fetch GET 200 https://registry.npmjs.org/unpipe 970ms (cache miss)
180 http fetch GET 200 https://registry.npmjs.org/media-typer 1037ms (cache miss)
181 timing idealTree:node_modules/express Completed in 1206ms
182 silly placeDep ROOT mime-types@2.1.35 OK for: accepts@1.3.8 want: ~2.1.34
183 silly placeDep ROOT negotiator@0.6.3 OK for: accepts@1.3.8 want: 0.6.3
184 silly fetch manifest mime-db@1.52.0
185 http fetch GET 200 https://registry.npmjs.org/mime-db 59ms (cache miss)
186 timing idealTree:node_modules/accepts Completed in 67ms
187 timing idealTree:node_modules/array-flatten Completed in 0ms
188 silly placeDep ROOT bytes@3.1.2 OK for: body-parser@1.20.0 want: 3.1.2
189 silly placeDep ROOT destroy@1.2.0 OK for: body-parser@1.20.0 want: 1.2.0
190 silly placeDep ROOT iconv-lite@0.4.24 OK for: body-parser@1.20.0 want: 0.4.24
191 silly placeDep ROOT raw-body@2.5.1 OK for: body-parser@1.20.0 want: 2.5.1
192 silly placeDep ROOT unpipe@1.0.0 OK for: body-parser@1.20.0 want: 1.0.0
193 silly fetch manifest safer-buffer@>= 2.1.2 < 3
194 http fetch GET 200 https://registry.npmjs.org/safer-buffer 63ms (cache miss)
195 timing idealTree:node_modules/body-parser Completed in 75ms
196 timing idealTree:node_modules/bytes Completed in 0ms
197 timing idealTree:node_modules/content-disposition Completed in 0ms
198 timing idealTree:node_modules/content-type Completed in 0ms
199 timing idealTree:node_modules/cookie Completed in 0ms
200 timing idealTree:node_modules/cookie-signature Completed in 0ms
201 silly placeDep ROOT ms@2.0.0 OK for: debug@2.6.9 want: 2.0.0
202 timing idealTree:node_modules/debug Completed in 3ms
203 timing idealTree:node_modules/depd Completed in 0ms
204 timing idealTree:node_modules/destroy Completed in 0ms
205 timing idealTree:node_modules/encodeurl Completed in 0ms
206 timing idealTree:node_modules/escape-html Completed in 0ms
207 timing idealTree:node_modules/etag Completed in 0ms
208 timing idealTree:node_modules/finalhandler Completed in 0ms
209 timing idealTree:node_modules/fresh Completed in 0ms
210 silly placeDep ROOT toidentifier@1.0.1 OK for: http-errors@2.0.0 want: 1.0.1
211 timing idealTree:node_modules/http-errors Completed in 2ms
212 silly placeDep ROOT safer-buffer@2.1.2 OK for: iconv-lite@0.4.24 want: >= 2.1.2 < 3
213 timing idealTree:node_modules/iconv-lite Completed in 2ms
214 timing idealTree:node_modules/merge-descriptors Completed in 0ms
215 timing idealTree:node_modules/methods Completed in 0ms
216 silly placeDep ROOT mime-db@1.52.0 OK for: mime-types@2.1.35 want: 1.52.0
217 timing idealTree:node_modules/mime-types Completed in 5ms
218 timing idealTree:node_modules/mime-db Completed in 0ms
219 timing idealTree:node_modules/ms Completed in 0ms
220 timing idealTree:node_modules/negotiator Completed in 0ms
221 timing idealTree:node_modules/object-assign Completed in 0ms
222 silly placeDep ROOT ee-first@1.1.1 OK for: on-finished@2.4.1 want: 1.1.1
223 timing idealTree:node_modules/on-finished Completed in 2ms
224 timing idealTree:node_modules/ee-first Completed in 0ms
225 timing idealTree:node_modules/parseurl Completed in 0ms
226 timing idealTree:node_modules/path-to-regexp Completed in 0ms
227 silly placeDep ROOT forwarded@0.2.0 OK for: proxy-addr@2.0.7 want: 0.2.0
228 silly placeDep ROOT ipaddr.js@1.9.1 OK for: proxy-addr@2.0.7 want: 1.9.1
229 timing idealTree:node_modules/proxy-addr Completed in 3ms
230 timing idealTree:node_modules/forwarded Completed in 0ms
231 timing idealTree:node_modules/ipaddr.js Completed in 0ms
232 silly placeDep ROOT side-channel@1.0.4 OK for: qs@6.10.3 want: ^1.0.4
233 silly fetch manifest call-bind@^1.0.0
234 silly fetch manifest get-intrinsic@^1.0.2
235 silly fetch manifest object-inspect@^1.9.0
236 http fetch GET 200 https://registry.npmjs.org/object-inspect 66ms (cache miss)
237 http fetch GET 200 https://registry.npmjs.org/get-intrinsic 77ms (cache miss)
238 http fetch GET 200 https://registry.npmjs.org/call-bind 95ms (cache miss)
239 timing idealTree:node_modules/qs Completed in 99ms
240 timing idealTree:node_modules/range-parser Completed in 0ms
241 timing idealTree:node_modules/raw-body Completed in 0ms
242 timing idealTree:node_modules/safe-buffer Completed in 0ms
243 timing idealTree:node_modules/safer-buffer Completed in 0ms
244 silly placeDep ROOT mime@1.6.0 OK for: send@0.18.0 want: 1.6.0
245 silly placeDep node_modules/send ms@2.1.3 OK for: send@0.18.0 want: 2.1.3
246 timing idealTree:node_modules/send Completed in 9ms
247 timing idealTree:node_modules/mime Completed in 0ms
248 timing idealTree:node_modules/serve-static Completed in 0ms
249 timing idealTree:node_modules/setprototypeof Completed in 0ms
250 silly placeDep ROOT call-bind@1.0.2 OK for: side-channel@1.0.4 want: ^1.0.0
251 silly placeDep ROOT get-intrinsic@1.1.2 OK for: side-channel@1.0.4 want: ^1.0.2
252 silly placeDep ROOT object-inspect@1.12.2 OK for: side-channel@1.0.4 want: ^1.9.0
253 silly fetch manifest has-symbols@^1.0.3
254 http fetch GET 200 https://registry.npmjs.org/has-symbols 61ms (cache miss)
255 timing idealTree:node_modules/side-channel Completed in 69ms
256 timing idealTree:node_modules/call-bind Completed in 0ms
257 silly placeDep ROOT has-symbols@1.0.3 OK for: get-intrinsic@1.1.2 want: ^1.0.3
258 timing idealTree:node_modules/get-intrinsic Completed in 2ms
259 timing idealTree:node_modules/has-symbols Completed in 0ms
260 timing idealTree:node_modules/object-inspect Completed in 1ms
261 timing idealTree:node_modules/statuses Completed in 0ms
262 timing idealTree:node_modules/toidentifier Completed in 0ms
263 silly placeDep ROOT media-typer@0.3.0 OK for: type-is@1.6.18 want: 0.3.0
264 timing idealTree:node_modules/type-is Completed in 2ms
265 timing idealTree:node_modules/media-typer Completed in 0ms
266 timing idealTree:node_modules/unpipe Completed in 0ms
267 timing idealTree:node_modules/utils-merge Completed in 0ms
268 timing idealTree:node_modules/vary Completed in 0ms
269 timing idealTree:node_modules/send/node_modules/ms Completed in 0ms
270 timing idealTree:buildDeps Completed in 3266ms
271 timing idealTree:fixDepFlags Completed in 2ms
272 timing idealTree Completed in 3436ms
273 timing reify:loadTrees Completed in 3437ms
274 timing reify:diffTrees Completed in 13ms
275 silly reify moves {}
276 timing reify:retireShallow Completed in 2ms
277 timing reify:createSparse Completed in 28ms
278 timing reify:loadBundles Completed in 0ms
279 silly audit bulk request {
279 silly audit   '@cspotcode/source-map-support': [ '0.8.1' ],
279 silly audit   '@jridgewell/resolve-uri': [ '3.1.0' ],
279 silly audit   '@jridgewell/sourcemap-codec': [ '1.4.14' ],
279 silly audit   '@jridgewell/trace-mapping': [ '0.3.9' ],
279 silly audit   '@tsconfig/node10': [ '1.0.9' ],
279 silly audit   '@tsconfig/node12': [ '1.0.11' ],
279 silly audit   '@tsconfig/node14': [ '1.0.3' ],
279 silly audit   '@tsconfig/node16': [ '1.0.3' ],
279 silly audit   '@types/node': [ '18.7.16' ],
279 silly audit   '@types/strip-bom': [ '3.0.0' ],
279 silly audit   '@types/strip-json-comments': [ '0.0.30' ],
279 silly audit   acorn: [ '8.8.0' ],
279 silly audit   'acorn-walk': [ '8.2.0' ],
279 silly audit   anymatch: [ '3.1.2' ],
279 silly audit   arg: [ '4.1.3' ],
279 silly audit   'balanced-match': [ '1.0.2' ],
279 silly audit   'binary-extensions': [ '2.2.0' ],
279 silly audit   'brace-expansion': [ '1.1.11' ],
279 silly audit   braces: [ '3.0.2' ],
279 silly audit   'buffer-from': [ '1.1.2' ],
279 silly audit   chokidar: [ '3.5.3' ],
279 silly audit   'concat-map': [ '0.0.1' ],
279 silly audit   'create-require': [ '1.1.1' ],
279 silly audit   diff: [ '4.0.2' ],
279 silly audit   'dynamic-dedupe': [ '0.3.0' ],
279 silly audit   'fill-range': [ '7.0.1' ],
279 silly audit   'fs.realpath': [ '1.0.0' ],
279 silly audit   fsevents: [ '2.3.2' ],
279 silly audit   'function-bind': [ '1.1.1' ],
279 silly audit   glob: [ '7.2.3' ],
279 silly audit   'glob-parent': [ '5.1.2' ],
279 silly audit   has: [ '1.0.3' ],
279 silly audit   inflight: [ '1.0.6' ],
279 silly audit   inherits: [ '2.0.4' ],
279 silly audit   'is-binary-path': [ '2.1.0' ],
279 silly audit   'is-core-module': [ '2.10.0' ],
279 silly audit   'is-extglob': [ '2.1.1' ],
279 silly audit   'is-glob': [ '4.0.3' ],
279 silly audit   'is-number': [ '7.0.0' ],
279 silly audit   'make-error': [ '1.3.6' ],
279 silly audit   minimatch: [ '3.1.2' ],
279 silly audit   minimist: [ '1.2.6' ],
279 silly audit   mkdirp: [ '1.0.4' ],
279 silly audit   'normalize-path': [ '3.0.0' ],
279 silly audit   once: [ '1.4.0' ],
279 silly audit   'path-is-absolute': [ '1.0.1' ],
279 silly audit   'path-parse': [ '1.0.7' ],
279 silly audit   picomatch: [ '2.3.1' ],
279 silly audit   readdirp: [ '3.6.0' ],
279 silly audit   resolve: [ '1.22.1' ],
279 silly audit   rimraf: [ '2.7.1' ],
279 silly audit   'source-map': [ '0.6.1' ],
279 silly audit   'source-map-support': [ '0.5.21' ],
279 silly audit   'strip-bom': [ '3.0.0' ],
279 silly audit   'strip-json-comments': [ '2.0.1' ],
279 silly audit   'supports-preserve-symlinks-flag': [ '1.0.0' ],
279 silly audit   'to-regex-range': [ '5.0.1' ],
279 silly audit   'tree-kill': [ '1.2.2' ],
279 silly audit   'ts-node': [ '10.9.1' ],
279 silly audit   'ts-node-dev': [ '2.0.0' ],
279 silly audit   tsconfig: [ '7.0.0' ],
279 silly audit   typescript: [ '4.8.2' ],
279 silly audit   'v8-compile-cache-lib': [ '3.0.1' ],
279 silly audit   wrappy: [ '1.0.2' ],
279 silly audit   xtend: [ '4.0.2' ],
279 silly audit   yn: [ '3.1.1' ],
279 silly audit   cors: [ '2.8.5' ],
279 silly audit   express: [ '4.18.1' ],
279 silly audit   'object-assign': [ '4.1.1' ],
279 silly audit   vary: [ '1.1.2' ],
279 silly audit   accepts: [ '1.3.8' ],
279 silly audit   'array-flatten': [ '1.1.1' ],
279 silly audit   'body-parser': [ '1.20.0' ],
279 silly audit   'content-disposition': [ '0.5.4' ],
279 silly audit   'content-type': [ '1.0.4' ],
279 silly audit   cookie: [ '0.5.0' ],
279 silly audit   'cookie-signature': [ '1.0.6' ],
279 silly audit   debug: [ '2.6.9' ],
279 silly audit   depd: [ '2.0.0' ],
279 silly audit   encodeurl: [ '1.0.2' ],
279 silly audit   'escape-html': [ '1.0.3' ],
279 silly audit   etag: [ '1.8.1' ],
279 silly audit   finalhandler: [ '1.2.0' ],
279 silly audit   fresh: [ '0.5.2' ],
279 silly audit   'http-errors': [ '2.0.0' ],
279 silly audit   'merge-descriptors': [ '1.0.1' ],
279 silly audit   methods: [ '1.1.2' ],
279 silly audit   'on-finished': [ '2.4.1' ],
279 silly audit   parseurl: [ '1.3.3' ],
279 silly audit   'path-to-regexp': [ '0.1.7' ],
279 silly audit   'proxy-addr': [ '2.0.7' ],
279 silly audit   qs: [ '6.10.3' ],
279 silly audit   'range-parser': [ '1.2.1' ],
279 silly audit   'safe-buffer': [ '5.2.1' ],
279 silly audit   send: [ '0.18.0' ],
279 silly audit   'serve-static': [ '1.15.0' ],
279 silly audit   setprototypeof: [ '1.2.0' ],
279 silly audit   statuses: [ '2.0.1' ],
279 silly audit   'type-is': [ '1.6.18' ],
279 silly audit   'utils-merge': [ '1.0.1' ],
279 silly audit   'mime-types': [ '2.1.35' ],
279 silly audit   negotiator: [ '0.6.3' ],
279 silly audit   bytes: [ '3.1.2' ],
279 silly audit   destroy: [ '1.2.0' ],
279 silly audit   'iconv-lite': [ '0.4.24' ],
279 silly audit   'raw-body': [ '2.5.1' ],
279 silly audit   unpipe: [ '1.0.0' ],
279 silly audit   ms: [ '2.0.0', '2.1.3' ],
279 silly audit   toidentifier: [ '1.0.1' ],
279 silly audit   'safer-buffer': [ '2.1.2' ],
279 silly audit   'mime-db': [ '1.52.0' ],
279 silly audit   'ee-first': [ '1.1.1' ],
279 silly audit   forwarded: [ '0.2.0' ],
279 silly audit   'ipaddr.js': [ '1.9.1' ],
279 silly audit   'side-channel': [ '1.0.4' ],
279 silly audit   mime: [ '1.6.0' ],
279 silly audit   'call-bind': [ '1.0.2' ],
279 silly audit   'get-intrinsic': [ '1.1.2' ],
279 silly audit   'object-inspect': [ '1.12.2' ],
279 silly audit   'has-symbols': [ '1.0.3' ],
279 silly audit   'media-typer': [ '0.3.0' ]
279 silly audit }
280 verbose reify failed optional dependency C:\Users\CarlosS\Desktop\AtividadeTeste\Ailton-labenu-system4\node_modules\fsevents
281 silly reify mark deleted [
281 silly reify   'C:\\Users\\CarlosS\\Desktop\\AtividadeTeste\\Ailton-labenu-system4\\node_modules\\fsevents'
281 silly reify ]
282 timing reifyNode:node_modules/fsevents Completed in 23ms
283 silly tarball no local data for media-typer@https://registry.npmjs.org/media-typer/-/media-typer-0.3.0.tgz. Extracting by manifest.
284 silly tarball no local data for has-symbols@https://registry.npmjs.org/has-symbols/-/has-symbols-1.0.3.tgz. Extracting by manifest.
285 silly tarball no local data for object-inspect@https://registry.npmjs.org/object-inspect/-/object-inspect-1.12.2.tgz. Extracting by manifest.
286 silly tarball no local data for get-intrinsic@https://registry.npmjs.org/get-intrinsic/-/get-intrinsic-1.1.2.tgz. Extracting by manifest.
287 silly tarball no local data for call-bind@https://registry.npmjs.org/call-bind/-/call-bind-1.0.2.tgz. Extracting by manifest.
288 silly tarball no local data for mime@https://registry.npmjs.org/mime/-/mime-1.6.0.tgz. Extracting by manifest.
289 silly tarball no local data for side-channel@https://registry.npmjs.org/side-channel/-/side-channel-1.0.4.tgz. Extracting by manifest.
290 silly tarball no local data for ipaddr.js@https://registry.npmjs.org/ipaddr.js/-/ipaddr.js-1.9.1.tgz. Extracting by manifest.
291 silly tarball no local data for forwarded@https://registry.npmjs.org/forwarded/-/forwarded-0.2.0.tgz. Extracting by manifest.
292 silly tarball no local data for ee-first@https://registry.npmjs.org/ee-first/-/ee-first-1.1.1.tgz. Extracting by manifest.
293 silly tarball no local data for mime-db@https://registry.npmjs.org/mime-db/-/mime-db-1.52.0.tgz. Extracting by manifest.
294 silly tarball no local data for safer-buffer@https://registry.npmjs.org/safer-buffer/-/safer-buffer-2.1.2.tgz. Extracting by manifest.
295 silly tarball no local data for toidentifier@https://registry.npmjs.org/toidentifier/-/toidentifier-1.0.1.tgz. Extracting by manifest.
296 silly tarball no local data for ms@https://registry.npmjs.org/ms/-/ms-2.0.0.tgz. Extracting by manifest.
297 silly tarball no local data for unpipe@https://registry.npmjs.org/unpipe/-/unpipe-1.0.0.tgz. Extracting by manifest.
298 silly tarball no local data for raw-body@https://registry.npmjs.org/raw-body/-/raw-body-2.5.1.tgz. Extracting by manifest.
299 silly tarball no local data for negotiator@https://registry.npmjs.org/negotiator/-/negotiator-0.6.3.tgz. Extracting by manifest.
300 silly tarball no local data for bytes@https://registry.npmjs.org/bytes/-/bytes-3.1.2.tgz. Extracting by manifest.
301 silly tarball no local data for iconv-lite@https://registry.npmjs.org/iconv-lite/-/iconv-lite-0.4.24.tgz. Extracting by manifest.
302 silly tarball no local data for mime-types@https://registry.npmjs.org/mime-types/-/mime-types-2.1.35.tgz. Extracting by manifest.
303 silly tarball no local data for utils-merge@https://registry.npmjs.org/utils-merge/-/utils-merge-1.0.1.tgz. Extracting by manifest.
304 silly tarball no local data for type-is@https://registry.npmjs.org/type-is/-/type-is-1.6.18.tgz. Extracting by manifest.
305 silly tarball no local data for destroy@https://registry.npmjs.org/destroy/-/destroy-1.2.0.tgz. Extracting by manifest.
306 silly tarball no local data for setprototypeof@https://registry.npmjs.org/setprototypeof/-/setprototypeof-1.2.0.tgz. Extracting by manifest.
307 silly tarball no local data for statuses@https://registry.npmjs.org/statuses/-/statuses-2.0.1.tgz. Extracting by manifest.
308 silly tarball no local data for serve-static@https://registry.npmjs.org/serve-static/-/serve-static-1.15.0.tgz. Extracting by manifest.
309 silly tarball no local data for send@https://registry.npmjs.org/send/-/send-0.18.0.tgz. Extracting by manifest.
310 silly tarball no local data for safe-buffer@https://registry.npmjs.org/safe-buffer/-/safe-buffer-5.2.1.tgz. Extracting by manifest.
311 silly tarball no local data for range-parser@https://registry.npmjs.org/range-parser/-/range-parser-1.2.1.tgz. Extracting by manifest.
312 silly tarball no local data for qs@https://registry.npmjs.org/qs/-/qs-6.10.3.tgz. Extracting by manifest.
313 silly tarball no local data for proxy-addr@https://registry.npmjs.org/proxy-addr/-/proxy-addr-2.0.7.tgz. Extracting by manifest.
314 silly tarball no local data for path-to-regexp@https://registry.npmjs.org/path-to-regexp/-/path-to-regexp-0.1.7.tgz. Extracting by manifest.
315 silly tarball no local data for parseurl@https://registry.npmjs.org/parseurl/-/parseurl-1.3.3.tgz. Extracting by manifest.
316 silly tarball no local data for methods@https://registry.npmjs.org/methods/-/methods-1.1.2.tgz. Extracting by manifest.
317 silly tarball no local data for on-finished@https://registry.npmjs.org/on-finished/-/on-finished-2.4.1.tgz. Extracting by manifest.
318 silly tarball no local data for merge-descriptors@https://registry.npmjs.org/merge-descriptors/-/merge-descriptors-1.0.1.tgz. Extracting by manifest.
319 silly tarball no local data for http-errors@https://registry.npmjs.org/http-errors/-/http-errors-2.0.0.tgz. Extracting by manifest.
320 silly tarball no local data for fresh@https://registry.npmjs.org/fresh/-/fresh-0.5.2.tgz. Extracting by manifest.
321 silly tarball no local data for finalhandler@https://registry.npmjs.org/finalhandler/-/finalhandler-1.2.0.tgz. Extracting by manifest.
322 silly tarball no local data for etag@https://registry.npmjs.org/etag/-/etag-1.8.1.tgz. Extracting by manifest.
323 silly tarball no local data for escape-html@https://registry.npmjs.org/escape-html/-/escape-html-1.0.3.tgz. Extracting by manifest.
324 silly tarball no local data for encodeurl@https://registry.npmjs.org/encodeurl/-/encodeurl-1.0.2.tgz. Extracting by manifest.
325 silly tarball no local data for depd@https://registry.npmjs.org/depd/-/depd-2.0.0.tgz. Extracting by manifest.
326 silly tarball no local data for debug@https://registry.npmjs.org/debug/-/debug-2.6.9.tgz. Extracting by manifest.
327 silly tarball no local data for cookie-signature@https://registry.npmjs.org/cookie-signature/-/cookie-signature-1.0.6.tgz. Extracting by manifest.
328 silly tarball no local data for cookie@https://registry.npmjs.org/cookie/-/cookie-0.5.0.tgz. Extracting by manifest.
329 silly tarball no local data for content-type@https://registry.npmjs.org/content-type/-/content-type-1.0.4.tgz. Extracting by manifest.
330 silly tarball no local data for content-disposition@https://registry.npmjs.org/content-disposition/-/content-disposition-0.5.4.tgz. Extracting by manifest.
331 silly tarball no local data for body-parser@https://registry.npmjs.org/body-parser/-/body-parser-1.20.0.tgz. Extracting by manifest.
332 silly tarball no local data for array-flatten@https://registry.npmjs.org/array-flatten/-/array-flatten-1.1.1.tgz. Extracting by manifest.
333 silly tarball no local data for accepts@https://registry.npmjs.org/accepts/-/accepts-1.3.8.tgz. Extracting by manifest.
334 silly tarball no local data for object-assign@https://registry.npmjs.org/object-assign/-/object-assign-4.1.1.tgz. Extracting by manifest.
335 silly tarball no local data for vary@https://registry.npmjs.org/vary/-/vary-1.1.2.tgz. Extracting by manifest.
336 silly tarball no local data for express@https://registry.npmjs.org/express/-/express-4.18.1.tgz. Extracting by manifest.
337 silly tarball no local data for ms@https://registry.npmjs.org/ms/-/ms-2.1.3.tgz. Extracting by manifest.
338 silly tarball no local data for cors@https://registry.npmjs.org/cors/-/cors-2.8.5.tgz. Extracting by manifest.
339 http fetch POST 200 https://registry.npmjs.org/-/npm/v1/security/advisories/bulk 359ms
340 timing auditReport:getReport Completed in 367ms
341 silly audit report {}
342 timing auditReport:init Completed in 0ms
343 timing reify:audit Completed in 367ms
344 http fetch GET 200 https://registry.npmjs.org/toidentifier/-/toidentifier-1.0.1.tgz 910ms (cache miss)
345 http fetch GET 200 https://registry.npmjs.org/forwarded/-/forwarded-0.2.0.tgz 953ms (cache miss)
346 http fetch GET 200 https://registry.npmjs.org/ms/-/ms-2.0.0.tgz 1010ms (cache miss)
347 timing reifyNode:node_modules/ms Completed in 1094ms
348 http fetch GET 200 https://registry.npmjs.org/destroy/-/destroy-1.2.0.tgz 992ms (cache miss)
349 timing reifyNode:node_modules/destroy Completed in 1102ms
350 http fetch GET 200 https://registry.npmjs.org/unpipe/-/unpipe-1.0.0.tgz 1052ms (cache miss)
351 timing reifyNode:node_modules/forwarded Completed in 1139ms
352 http fetch GET 200 https://registry.npmjs.org/media-typer/-/media-typer-0.3.0.tgz 1086ms (cache miss)
353 http fetch GET 200 https://registry.npmjs.org/setprototypeof/-/setprototypeof-1.2.0.tgz 1054ms (cache miss)
354 http fetch GET 200 https://registry.npmjs.org/utils-merge/-/utils-merge-1.0.1.tgz 1068ms (cache miss)
355 timing reifyNode:node_modules/toidentifier Completed in 1169ms
356 http fetch GET 200 https://registry.npmjs.org/escape-html/-/escape-html-1.0.3.tgz 1004ms (cache miss)
357 http fetch GET 200 https://registry.npmjs.org/ee-first/-/ee-first-1.1.1.tgz 1102ms (cache miss)
358 timing reifyNode:node_modules/ee-first Completed in 1179ms
359 http fetch GET 200 https://registry.npmjs.org/type-is/-/type-is-1.6.18.tgz 1087ms (cache miss)
360 http fetch GET 200 https://registry.npmjs.org/cookie-signature/-/cookie-signature-1.0.6.tgz 1028ms (cache miss)
361 timing reifyNode:node_modules/escape-html Completed in 1201ms
362 timing reifyNode:node_modules/unpipe Completed in 1209ms
363 timing reifyNode:node_modules/utils-merge Completed in 1210ms
364 timing reifyNode:node_modules/media-typer Completed in 1216ms
365 http fetch GET 200 https://registry.npmjs.org/proxy-addr/-/proxy-addr-2.0.7.tgz 1090ms (cache miss)
366 http fetch GET 200 https://registry.npmjs.org/etag/-/etag-1.8.1.tgz 1061ms (cache miss)
367 http fetch GET 200 https://registry.npmjs.org/safe-buffer/-/safe-buffer-5.2.1.tgz 1104ms (cache miss)
368 http fetch GET 200 https://registry.npmjs.org/mime-types/-/mime-types-2.1.35.tgz 1134ms (cache miss)
369 timing reifyNode:node_modules/type-is Completed in 1233ms
370 http fetch GET 200 https://registry.npmjs.org/encodeurl/-/encodeurl-1.0.2.tgz 1076ms (cache miss)
371 http fetch GET 200 https://registry.npmjs.org/http-errors/-/http-errors-2.0.0.tgz 1092ms (cache miss)
372 http fetch GET 200 https://registry.npmjs.org/range-parser/-/range-parser-1.2.1.tgz 1121ms (cache miss)
373 http fetch GET 200 https://registry.npmjs.org/on-finished/-/on-finished-2.4.1.tgz 1113ms (cache miss)
374 http fetch GET 200 https://registry.npmjs.org/statuses/-/statuses-2.0.1.tgz 1140ms (cache miss)
375 http fetch GET 200 https://registry.npmjs.org/fresh/-/fresh-0.5.2.tgz 1094ms (cache miss)
376 http fetch GET 200 https://registry.npmjs.org/bytes/-/bytes-3.1.2.tgz 1161ms (cache miss)
377 timing reifyNode:node_modules/bytes Completed in 1252ms
378 http fetch GET 200 https://registry.npmjs.org/methods/-/methods-1.1.2.tgz 1119ms (cache miss)
379 timing reifyNode:node_modules/mime-types Completed in 1275ms
380 http fetch GET 200 https://registry.npmjs.org/parseurl/-/parseurl-1.3.3.tgz 1149ms (cache miss)
381 timing reifyNode:node_modules/parseurl Completed in 1279ms
382 http fetch GET 200 https://registry.npmjs.org/serve-static/-/serve-static-1.15.0.tgz 1165ms (cache miss)
383 http fetch GET 200 https://registry.npmjs.org/merge-descriptors/-/merge-descriptors-1.0.1.tgz 1146ms (cache miss)
384 timing reifyNode:node_modules/merge-descriptors Completed in 1284ms
385 timing reifyNode:node_modules/methods Completed in 1284ms
386 timing reifyNode:node_modules/proxy-addr Completed in 1285ms
387 http fetch GET 200 https://registry.npmjs.org/path-to-regexp/-/path-to-regexp-0.1.7.tgz 1158ms (cache miss)
388 http fetch GET 200 https://registry.npmjs.org/content-type/-/content-type-1.0.4.tgz 1109ms (cache miss)
389 timing reifyNode:node_modules/on-finished Completed in 1287ms
390 timing reifyNode:node_modules/etag Completed in 1287ms
391 timing reifyNode:node_modules/safe-buffer Completed in 1289ms
392 timing reifyNode:node_modules/encodeurl Completed in 1289ms
393 timing reifyNode:node_modules/fresh Completed in 1289ms
394 timing reifyNode:node_modules/range-parser Completed in 1292ms
395 timing reifyNode:node_modules/http-errors Completed in 1295ms
396 http fetch GET 200 https://registry.npmjs.org/finalhandler/-/finalhandler-1.2.0.tgz 1139ms (cache miss)
397 timing reifyNode:node_modules/cookie-signature Completed in 1299ms
398 http fetch GET 200 https://registry.npmjs.org/accepts/-/accepts-1.3.8.tgz 1118ms (cache miss)
399 http fetch GET 200 https://registry.npmjs.org/object-assign/-/object-assign-4.1.1.tgz 1122ms (cache miss)
400 timing reifyNode:node_modules/object-assign Completed in 1307ms
401 timing reifyNode:node_modules/statuses Completed in 1310ms
402 http fetch GET 200 https://registry.npmjs.org/array-flatten/-/array-flatten-1.1.1.tgz 1129ms (cache miss)
403 timing reifyNode:node_modules/array-flatten Completed in 1311ms
404 timing reifyNode:node_modules/serve-static Completed in 1315ms
405 timing reifyNode:node_modules/setprototypeof Completed in 1317ms
406 timing reifyNode:node_modules/path-to-regexp Completed in 1317ms
407 http fetch GET 200 https://registry.npmjs.org/raw-body/-/raw-body-2.5.1.tgz 1238ms (cache miss)
408 timing reifyNode:node_modules/content-type Completed in 1326ms
409 http fetch GET 200 https://registry.npmjs.org/vary/-/vary-1.1.2.tgz 1139ms (cache miss)
410 timing reifyNode:node_modules/vary Completed in 1328ms
411 timing reifyNode:node_modules/accepts Completed in 1329ms
412 http fetch GET 200 https://registry.npmjs.org/cookie/-/cookie-0.5.0.tgz 1163ms (cache miss)
413 timing reifyNode:node_modules/finalhandler Completed in 1341ms
414 http fetch GET 200 https://registry.npmjs.org/cors/-/cors-2.8.5.tgz 1145ms (cache miss)
415 http fetch GET 200 https://registry.npmjs.org/ms/-/ms-2.1.3.tgz 1151ms (cache miss)
416 timing reifyNode:node_modules/send/node_modules/ms Completed in 1347ms
417 http fetch GET 200 https://registry.npmjs.org/content-disposition/-/content-disposition-0.5.4.tgz 1170ms (cache miss)
418 timing reifyNode:node_modules/raw-body Completed in 1637ms
419 timing reifyNode:node_modules/content-disposition Completed in 1634ms
420 http fetch GET 200 https://registry.npmjs.org/depd/-/depd-2.0.0.tgz 1469ms (cache miss)
421 timing reifyNode:node_modules/cookie Completed in 1636ms
422 timing reifyNode:node_modules/cors Completed in 1653ms
423 timing reifyNode:node_modules/depd Completed in 1655ms
424 http fetch GET 200 https://registry.npmjs.org/negotiator/-/negotiator-0.6.3.tgz 1581ms (cache miss)
425 http fetch GET 200 https://registry.npmjs.org/ipaddr.js/-/ipaddr.js-1.9.1.tgz 1610ms (cache miss)
426 timing reifyNode:node_modules/ipaddr.js Completed in 1683ms
427 timing reifyNode:node_modules/negotiator Completed in 1684ms
428 http fetch GET 200 https://registry.npmjs.org/get-intrinsic/-/get-intrinsic-1.1.2.tgz 1632ms (cache miss)
429 http fetch GET 200 https://registry.npmjs.org/send/-/send-0.18.0.tgz 1587ms (cache miss)
430 timing reifyNode:node_modules/send Completed in 1706ms
431 http fetch GET 200 https://registry.npmjs.org/mime/-/mime-1.6.0.tgz 1641ms (cache miss)
432 http fetch GET 200 https://registry.npmjs.org/side-channel/-/side-channel-1.0.4.tgz 1640ms (cache miss)
433 timing reifyNode:node_modules/get-intrinsic Completed in 1714ms
434 timing reifyNode:node_modules/mime Completed in 1716ms
435 timing reifyNode:node_modules/side-channel Completed in 1719ms
436 http fetch GET 200 https://registry.npmjs.org/safer-buffer/-/safer-buffer-2.1.2.tgz 1649ms (cache miss)
437 timing reifyNode:node_modules/safer-buffer Completed in 1729ms
438 http fetch GET 200 https://registry.npmjs.org/call-bind/-/call-bind-1.0.2.tgz 1675ms (cache miss)
439 timing reifyNode:node_modules/call-bind Completed in 1748ms
440 http fetch GET 200 https://registry.npmjs.org/mime-db/-/mime-db-1.52.0.tgz 1671ms (cache miss)
441 timing reifyNode:node_modules/mime-db Completed in 1749ms
442 http fetch GET 200 https://registry.npmjs.org/has-symbols/-/has-symbols-1.0.3.tgz 1690ms (cache miss)
443 timing reifyNode:node_modules/has-symbols Completed in 1757ms
444 http fetch GET 200 https://registry.npmjs.org/body-parser/-/body-parser-1.20.0.tgz 1589ms (cache miss)
445 timing reifyNode:node_modules/body-parser Completed in 1773ms
446 http fetch GET 200 https://registry.npmjs.org/debug/-/debug-2.6.9.tgz 1638ms (cache miss)
447 timing reifyNode:node_modules/debug Completed in 1810ms
448 http fetch GET 200 https://registry.npmjs.org/express/-/express-4.18.1.tgz 1637ms (cache miss)
449 timing reifyNode:node_modules/express Completed in 1834ms
450 http fetch GET 200 https://registry.npmjs.org/qs/-/qs-6.10.3.tgz 1738ms (cache miss)
451 timing reifyNode:node_modules/qs Completed in 1864ms
452 http fetch GET 200 https://registry.npmjs.org/object-inspect/-/object-inspect-1.12.2.tgz 1836ms (cache miss)
453 timing reifyNode:node_modules/object-inspect Completed in 1900ms
454 http fetch GET 200 https://registry.npmjs.org/iconv-lite/-/iconv-lite-0.4.24.tgz 1824ms (cache miss)
455 timing reifyNode:node_modules/iconv-lite Completed in 1920ms
456 timing reify:unpack Completed in 1921ms
457 timing reify:unretire Completed in 0ms
458 timing build:queue Completed in 9ms
459 timing build:link:node_modules/mime Completed in 27ms
460 timing build:link Completed in 27ms
461 timing build:deps Completed in 37ms
462 timing build Completed in 38ms
463 timing reify:build Completed in 39ms
464 timing reify:trash Completed in 5ms
465 timing reify:save Completed in 98ms
466 timing reify Completed in 5605ms
467 silly ADD node_modules/media-typer
468 silly ADD node_modules/has-symbols
469 silly ADD node_modules/object-inspect
470 silly ADD node_modules/get-intrinsic
471 silly ADD node_modules/call-bind
472 silly ADD node_modules/mime
473 silly ADD node_modules/side-channel
474 silly ADD node_modules/ipaddr.js
475 silly ADD node_modules/forwarded
476 silly ADD node_modules/ee-first
477 silly ADD node_modules/mime-db
478 silly ADD node_modules/safer-buffer
479 silly ADD node_modules/toidentifier
480 silly ADD node_modules/ms
481 silly ADD node_modules/unpipe
482 silly ADD node_modules/raw-body
483 silly ADD node_modules/iconv-lite
484 silly ADD node_modules/destroy
485 silly ADD node_modules/bytes
486 silly ADD node_modules/negotiator
487 silly ADD node_modules/mime-types
488 silly ADD node_modules/utils-merge
489 silly ADD node_modules/type-is
490 silly ADD node_modules/statuses
491 silly ADD node_modules/setprototypeof
492 silly ADD node_modules/serve-static
493 silly ADD node_modules/send
494 silly ADD node_modules/send/node_modules/ms
495 silly ADD node_modules/safe-buffer
496 silly ADD node_modules/range-parser
497 silly ADD node_modules/qs
498 silly ADD node_modules/proxy-addr
499 silly ADD node_modules/path-to-regexp
500 silly ADD node_modules/parseurl
501 silly ADD node_modules/on-finished
502 silly ADD node_modules/methods
503 silly ADD node_modules/merge-descriptors
504 silly ADD node_modules/http-errors
505 silly ADD node_modules/fresh
506 silly ADD node_modules/finalhandler
507 silly ADD node_modules/etag
508 silly ADD node_modules/escape-html
509 silly ADD node_modules/encodeurl
510 silly ADD node_modules/depd
511 silly ADD node_modules/debug
512 silly ADD node_modules/cookie-signature
513 silly ADD node_modules/cookie
514 silly ADD node_modules/content-type
515 silly ADD node_modules/content-disposition
516 silly ADD node_modules/body-parser
517 silly ADD node_modules/array-flatten
518 silly ADD node_modules/accepts
519 silly ADD node_modules/vary
520 silly ADD node_modules/object-assign
521 silly ADD node_modules/express
522 silly ADD node_modules/cors
523 silly ADD
524 timing command:i Completed in 5618ms
525 verbose exit 0
526 timing npm Completed in 5913ms
527 info ok
